{"/home/akshayaparida/portfolio/src/__tests__/utils/accessibilityHelper.ts": {"path":"/home/akshayaparida/portfolio/src/__tests__/utils/accessibilityHelper.ts","statementMap":{"0":{"start":{"line":12,"column":13},"end":{"line":12,"column":36}},"1":{"start":{"line":42,"column":13},"end":{"line":42,"column":39}},"2":{"start":{"line":1,"column":40},"end":{"line":1,"column":null}},"3":{"start":{"line":4,"column":0},"end":{"line":4,"column":null}},"4":{"start":{"line":12,"column":36},"end":{"line":36,"column":null}},"5":{"start":{"line":17,"column":41},"end":{"line":23,"column":null}},"6":{"start":{"line":26,"column":24},"end":{"line":29,"column":null}},"7":{"start":{"line":32,"column":18},"end":{"line":32,"column":null}},"8":{"start":{"line":35,"column":2},"end":{"line":35,"column":null}},"9":{"start":{"line":42,"column":39},"end":{"line":55,"column":null}},"10":{"start":{"line":43,"column":2},"end":{"line":54,"column":null}}},"fnMap":{"0":{"name":"(anonymous_3)","decl":{"start":{"line":12,"column":36},"end":{"line":12,"column":null}},"loc":{"start":{"line":14,"column":2},"end":{"line":36,"column":null}}},"1":{"name":"(anonymous_4)","decl":{"start":{"line":42,"column":39},"end":{"line":42,"column":46}},"loc":{"start":{"line":42,"column":46},"end":{"line":55,"column":null}}}},"branchMap":{"0":{"loc":{"start":{"line":28,"column":8},"end":{"line":28,"column":21}},"type":"binary-expr","locations":[{"start":{"line":28,"column":8},"end":{"line":28,"column":19}},{"start":{"line":28,"column":19},"end":{"line":28,"column":21}}]}},"s":{"0":4,"1":2,"2":2,"3":2,"4":2,"5":6,"6":6,"7":6,"8":6,"9":2,"10":2},"f":{"0":6,"1":2},"b":{"0":[6,4]}}
,"/home/akshayaparida/portfolio/src/app/layout.tsx": {"path":"/home/akshayaparida/portfolio/src/app/layout.tsx","statementMap":{"0":{"start":{"line":99,"column":24},"end":{"line":99,"column":35}},"1":{"start":{"line":21,"column":13},"end":{"line":21,"column":34}},"2":{"start":{"line":15,"column":13},"end":{"line":15,"column":34}},"3":{"start":{"line":2,"column":22},"end":{"line":2,"column":null}},"4":{"start":{"line":3,"column":7},"end":{"line":3,"column":null}},"5":{"start":{"line":4,"column":27},"end":{"line":4,"column":null}},"6":{"start":{"line":5,"column":26},"end":{"line":5,"column":null}},"7":{"start":{"line":6,"column":30},"end":{"line":6,"column":null}},"8":{"start":{"line":7,"column":30},"end":{"line":7,"column":null}},"9":{"start":{"line":9,"column":14},"end":{"line":13,"column":null}},"10":{"start":{"line":15,"column":34},"end":{"line":19,"column":null}},"11":{"start":{"line":21,"column":34},"end":{"line":97,"column":null}}},"fnMap":{"0":{"name":"RootLayout","decl":{"start":{"line":99,"column":24},"end":{"line":99,"column":35}},"loc":{"start":{"line":103,"column":2},"end":{"line":132,"column":null}}}},"branchMap":{},"s":{"0":0,"1":0,"2":0,"3":0,"4":0,"5":0,"6":0,"7":0,"8":0,"9":0,"10":0,"11":0},"f":{"0":0},"b":{}}
,"/home/akshayaparida/portfolio/src/app/page.tsx": {"path":"/home/akshayaparida/portfolio/src/app/page.tsx","statementMap":{"0":{"start":{"line":8,"column":24},"end":{"line":8,"column":null}},"1":{"start":{"line":1,"column":17},"end":{"line":1,"column":null}},"2":{"start":{"line":2,"column":21},"end":{"line":2,"column":null}},"3":{"start":{"line":3,"column":19},"end":{"line":3,"column":null}},"4":{"start":{"line":4,"column":19},"end":{"line":4,"column":null}},"5":{"start":{"line":5,"column":20},"end":{"line":5,"column":null}},"6":{"start":{"line":6,"column":26},"end":{"line":6,"column":null}}},"fnMap":{"0":{"name":"Home","decl":{"start":{"line":8,"column":24},"end":{"line":8,"column":null}},"loc":{"start":{"line":8,"column":24},"end":{"line":23,"column":null}}}},"branchMap":{},"s":{"0":0,"1":0,"2":0,"3":0,"4":0,"5":0,"6":0},"f":{"0":0},"b":{}}
,"/home/akshayaparida/portfolio/src/app/robots.ts": {"path":"/home/akshayaparida/portfolio/src/app/robots.ts","statementMap":{"0":{"start":{"line":6,"column":24},"end":{"line":6,"column":null}},"1":{"start":{"line":4,"column":13},"end":{"line":4,"column":23}},"2":{"start":{"line":4,"column":23},"end":{"line":4,"column":null}},"3":{"start":{"line":7,"column":2},"end":{"line":14,"column":null}}},"fnMap":{"0":{"name":"robots","decl":{"start":{"line":6,"column":24},"end":{"line":6,"column":null}},"loc":{"start":{"line":6,"column":24},"end":{"line":15,"column":null}}}},"branchMap":{},"s":{"0":0,"1":0,"2":0,"3":0},"f":{"0":0},"b":{}}
,"/home/akshayaparida/portfolio/src/app/sw.ts": {"path":"/home/akshayaparida/portfolio/src/app/sw.ts","statementMap":{"0":{"start":{"line":1,"column":29},"end":{"line":1,"column":null}},"1":{"start":{"line":3,"column":24},"end":{"line":3,"column":null}},"2":{"start":{"line":13,"column":16},"end":{"line":19,"column":null}},"3":{"start":{"line":21,"column":0},"end":{"line":21,"column":null}}},"fnMap":{},"branchMap":{},"s":{"0":0,"1":0,"2":0,"3":0},"f":{},"b":{}}
,"/home/akshayaparida/portfolio/src/app/ai-engineering/page.tsx": {"path":"/home/akshayaparida/portfolio/src/app/ai-engineering/page.tsx","statementMap":{"0":{"start":{"line":8,"column":24},"end":{"line":8,"column":null}},"1":{"start":{"line":3,"column":25},"end":{"line":3,"column":null}},"2":{"start":{"line":4,"column":17},"end":{"line":4,"column":null}},"3":{"start":{"line":5,"column":32},"end":{"line":5,"column":null}},"4":{"start":{"line":6,"column":24},"end":{"line":6,"column":null}},"5":{"start":{"line":9,"column":52},"end":{"line":9,"column":null}},"6":{"start":{"line":10,"column":23},"end":{"line":10,"column":57}},"7":{"start":{"line":31,"column":14},"end":{"line":32,"column":null}},"8":{"start":{"line":33,"column":31},"end":{"line":33,"column":null}},"9":{"start":{"line":64,"column":18},"end":{"line":64,"column":46}},"10":{"start":{"line":73,"column":28},"end":{"line":73,"column":null}}},"fnMap":{"0":{"name":"AIEngineeringPage","decl":{"start":{"line":8,"column":24},"end":{"line":8,"column":null}},"loc":{"start":{"line":8,"column":24},"end":{"line":492,"column":null}}},"1":{"name":"(anonymous_3)","decl":{"start":{"line":30,"column":33},"end":{"line":30,"column":34}},"loc":{"start":{"line":31,"column":14},"end":{"line":32,"column":null}}},"2":{"name":"(anonymous_4)","decl":{"start":{"line":33,"column":25},"end":{"line":33,"column":31}},"loc":{"start":{"line":33,"column":31},"end":{"line":33,"column":null}}},"3":{"name":"(anonymous_5)","decl":{"start":{"line":63,"column":45},"end":{"line":63,"column":46}},"loc":{"start":{"line":64,"column":18},"end":{"line":64,"column":46}}},"4":{"name":"(anonymous_6)","decl":{"start":{"line":72,"column":45},"end":{"line":72,"column":46}},"loc":{"start":{"line":73,"column":28},"end":{"line":73,"column":null}}}},"branchMap":{"0":{"loc":{"start":{"line":34,"column":39},"end":{"line":34,"column":84}},"type":"cond-expr","locations":[{"start":{"line":34,"column":69},"end":{"line":34,"column":80}},{"start":{"line":34,"column":80},"end":{"line":34,"column":84}}]},"1":{"loc":{"start":{"line":54,"column":13},"end":{"line":54,"column":41}},"type":"binary-expr","locations":[{"start":{"line":54,"column":13},"end":{"line":54,"column":41}}]},"2":{"loc":{"start":{"line":60,"column":13},"end":{"line":60,"column":36}},"type":"binary-expr","locations":[{"start":{"line":60,"column":13},"end":{"line":60,"column":36}},{"start":{"line":60,"column":40},"end":{"line":60,"column":null}}]},"3":{"loc":{"start":{"line":68,"column":21},"end":{"line":68,"column":34}},"type":"binary-expr","locations":[{"start":{"line":68,"column":21},"end":{"line":68,"column":34}},{"start":{"line":68,"column":38},"end":{"line":68,"column":null}}]},"4":{"loc":{"start":{"line":77,"column":34},"end":{"line":79,"column":null}},"type":"cond-expr","locations":[{"start":{"line":78,"column":38},"end":{"line":78,"column":null}},{"start":{"line":79,"column":38},"end":{"line":79,"column":null}}]}},"s":{"0":0,"1":0,"2":0,"3":0,"4":0,"5":0,"6":0,"7":0,"8":0,"9":0,"10":0},"f":{"0":0,"1":0,"2":0,"3":0,"4":0},"b":{"0":[0,0],"1":[0],"2":[0,0],"3":[0,0],"4":[0,0]}}
,"/home/akshayaparida/portfolio/src/app/api/analytics/route.ts": {"path":"/home/akshayaparida/portfolio/src/app/api/analytics/route.ts","statementMap":{"0":{"start":{"line":6,"column":22},"end":{"line":6,"column":null}},"1":{"start":{"line":4,"column":13},"end":{"line":4,"column":23}},"2":{"start":{"line":3,"column":13},"end":{"line":3,"column":23}},"3":{"start":{"line":1,"column":29},"end":{"line":1,"column":null}},"4":{"start":{"line":3,"column":23},"end":{"line":3,"column":null}},"5":{"start":{"line":4,"column":23},"end":{"line":4,"column":null}},"6":{"start":{"line":7,"column":2},"end":{"line":32,"column":null}},"7":{"start":{"line":10,"column":21},"end":{"line":10,"column":null}},"8":{"start":{"line":12,"column":4},"end":{"line":15,"column":null}},"9":{"start":{"line":13,"column":6},"end":{"line":13,"column":null}},"10":{"start":{"line":14,"column":6},"end":{"line":14,"column":null}},"11":{"start":{"line":17,"column":17},"end":{"line":17,"column":null}},"12":{"start":{"line":19,"column":4},"end":{"line":28,"column":null}},"13":{"start":{"line":30,"column":4},"end":{"line":30,"column":null}},"14":{"start":{"line":31,"column":4},"end":{"line":31,"column":null}}},"fnMap":{"0":{"name":"GET","decl":{"start":{"line":6,"column":22},"end":{"line":6,"column":null}},"loc":{"start":{"line":6,"column":22},"end":{"line":33,"column":null}}}},"branchMap":{"0":{"loc":{"start":{"line":12,"column":4},"end":{"line":15,"column":null}},"type":"if","locations":[{"start":{"line":12,"column":4},"end":{"line":15,"column":null}},{"start":{},"end":{}}]},"1":{"loc":{"start":{"line":22,"column":15},"end":{"line":22,"column":null}},"type":"binary-expr","locations":[{"start":{"line":22,"column":15},"end":{"line":22,"column":25}},{"start":{"line":22,"column":29},"end":{"line":22,"column":null}}]}},"s":{"0":0,"1":0,"2":0,"3":0,"4":0,"5":0,"6":0,"7":0,"8":0,"9":0,"10":0,"11":0,"12":0,"13":0,"14":0},"f":{"0":0},"b":{"0":[0,0],"1":[0,0]}}
,"/home/akshayaparida/portfolio/src/app/aws/layout.tsx": {"path":"/home/akshayaparida/portfolio/src/app/aws/layout.tsx","statementMap":{"0":{"start":{"line":9,"column":24},"end":{"line":9,"column":34}},"1":{"start":{"line":3,"column":27},"end":{"line":3,"column":null}},"2":{"start":{"line":4,"column":26},"end":{"line":4,"column":null}},"3":{"start":{"line":5,"column":26},"end":{"line":5,"column":null}},"4":{"start":{"line":6,"column":27},"end":{"line":6,"column":null}},"5":{"start":{"line":7,"column":24},"end":{"line":7,"column":null}}},"fnMap":{"0":{"name":"AWSLayout","decl":{"start":{"line":9,"column":24},"end":{"line":9,"column":34}},"loc":{"start":{"line":9,"column":77},"end":{"line":93,"column":null}}}},"branchMap":{},"s":{"0":0,"1":0,"2":0,"3":0,"4":0,"5":0},"f":{"0":0},"b":{}}
,"/home/akshayaparida/portfolio/src/app/aws/page.tsx": {"path":"/home/akshayaparida/portfolio/src/app/aws/page.tsx","statementMap":{"0":{"start":{"line":3,"column":24},"end":{"line":3,"column":null}},"1":{"start":{"line":1,"column":25},"end":{"line":1,"column":null}},"2":{"start":{"line":4,"column":2},"end":{"line":4,"column":null}}},"fnMap":{"0":{"name":"AWSPage","decl":{"start":{"line":3,"column":24},"end":{"line":3,"column":null}},"loc":{"start":{"line":3,"column":24},"end":{"line":5,"column":null}}}},"branchMap":{},"s":{"0":0,"1":0,"2":0},"f":{"0":0},"b":{}}
,"/home/akshayaparida/portfolio/src/app/aws/[moduleId]/page.tsx": {"path":"/home/akshayaparida/portfolio/src/app/aws/[moduleId]/page.tsx","statementMap":{"0":{"start":{"line":11,"column":30},"end":{"line":11,"column":44}},"1":{"start":{"line":5,"column":16},"end":{"line":5,"column":null}},"2":{"start":{"line":1,"column":25},"end":{"line":1,"column":null}},"3":{"start":{"line":2,"column":27},"end":{"line":2,"column":null}},"4":{"start":{"line":3,"column":25},"end":{"line":3,"column":null}},"5":{"start":{"line":6,"column":2},"end":{"line":8,"column":null}},"6":{"start":{"line":6,"column":37},"end":{"line":8,"column":null}},"7":{"start":{"line":16,"column":23},"end":{"line":16,"column":null}},"8":{"start":{"line":17,"column":24},"end":{"line":17,"column":null}},"9":{"start":{"line":17,"column":47},"end":{"line":17,"column":null}},"10":{"start":{"line":19,"column":2},"end":{"line":21,"column":null}},"11":{"start":{"line":20,"column":4},"end":{"line":20,"column":null}},"12":{"start":{"line":23,"column":16},"end":{"line":23,"column":null}},"13":{"start":{"line":23,"column":44},"end":{"line":23,"column":null}}},"fnMap":{"0":{"name":"generateStaticParams","decl":{"start":{"line":5,"column":16},"end":{"line":5,"column":null}},"loc":{"start":{"line":5,"column":16},"end":{"line":9,"column":null}}},"1":{"name":"(anonymous_5)","decl":{"start":{"line":6,"column":24},"end":{"line":6,"column":25}},"loc":{"start":{"line":6,"column":37},"end":{"line":8,"column":null}}},"2":{"name":"AWSModulePage","decl":{"start":{"line":11,"column":30},"end":{"line":11,"column":44}},"loc":{"start":{"line":15,"column":1},"end":{"line":26,"column":null}}},"3":{"name":"(anonymous_7)","decl":{"start":{"line":17,"column":40},"end":{"line":17,"column":41}},"loc":{"start":{"line":17,"column":47},"end":{"line":17,"column":null}}},"4":{"name":"(anonymous_8)","decl":{"start":{"line":23,"column":37},"end":{"line":23,"column":38}},"loc":{"start":{"line":23,"column":44},"end":{"line":23,"column":null}}}},"branchMap":{"0":{"loc":{"start":{"line":19,"column":2},"end":{"line":21,"column":null}},"type":"if","locations":[{"start":{"line":19,"column":2},"end":{"line":21,"column":null}},{"start":{},"end":{}}]}},"s":{"0":0,"1":0,"2":0,"3":0,"4":0,"5":0,"6":0,"7":0,"8":0,"9":0,"10":0,"11":0,"12":0,"13":0},"f":{"0":0,"1":0,"2":0,"3":0,"4":0},"b":{"0":[0,0]}}
,"/home/akshayaparida/portfolio/src/app/dbms/layout.tsx": {"path":"/home/akshayaparida/portfolio/src/app/dbms/layout.tsx","statementMap":{"0":{"start":{"line":10,"column":24},"end":{"line":10,"column":35}},"1":{"start":{"line":3,"column":27},"end":{"line":3,"column":null}},"2":{"start":{"line":4,"column":26},"end":{"line":4,"column":null}},"3":{"start":{"line":5,"column":27},"end":{"line":5,"column":null}},"4":{"start":{"line":6,"column":28},"end":{"line":6,"column":null}},"5":{"start":{"line":7,"column":24},"end":{"line":7,"column":null}},"6":{"start":{"line":8,"column":7},"end":{"line":8,"column":null}}},"fnMap":{"0":{"name":"DBMSLayout","decl":{"start":{"line":10,"column":24},"end":{"line":10,"column":35}},"loc":{"start":{"line":14,"column":1},"end":{"line":54,"column":null}}}},"branchMap":{},"s":{"0":0,"1":0,"2":0,"3":0,"4":0,"5":0,"6":0},"f":{"0":0},"b":{}}
,"/home/akshayaparida/portfolio/src/app/dbms/page.tsx": {"path":"/home/akshayaparida/portfolio/src/app/dbms/page.tsx","statementMap":{"0":{"start":{"line":3,"column":24},"end":{"line":3,"column":null}},"1":{"start":{"line":1,"column":25},"end":{"line":1,"column":null}},"2":{"start":{"line":4,"column":2},"end":{"line":4,"column":null}}},"fnMap":{"0":{"name":"DBMSPage","decl":{"start":{"line":3,"column":24},"end":{"line":3,"column":null}},"loc":{"start":{"line":3,"column":24},"end":{"line":5,"column":null}}}},"branchMap":{},"s":{"0":0,"1":0,"2":0},"f":{"0":0},"b":{}}
,"/home/akshayaparida/portfolio/src/app/dbms/[moduleId]/page.tsx": {"path":"/home/akshayaparida/portfolio/src/app/dbms/[moduleId]/page.tsx","statementMap":{"0":{"start":{"line":11,"column":30},"end":{"line":11,"column":45}},"1":{"start":{"line":5,"column":16},"end":{"line":5,"column":null}},"2":{"start":{"line":1,"column":25},"end":{"line":1,"column":null}},"3":{"start":{"line":2,"column":28},"end":{"line":2,"column":null}},"4":{"start":{"line":3,"column":25},"end":{"line":3,"column":null}},"5":{"start":{"line":6,"column":2},"end":{"line":8,"column":null}},"6":{"start":{"line":6,"column":38},"end":{"line":8,"column":null}},"7":{"start":{"line":16,"column":23},"end":{"line":16,"column":null}},"8":{"start":{"line":17,"column":24},"end":{"line":17,"column":null}},"9":{"start":{"line":17,"column":48},"end":{"line":17,"column":null}},"10":{"start":{"line":19,"column":2},"end":{"line":21,"column":null}},"11":{"start":{"line":20,"column":4},"end":{"line":20,"column":null}},"12":{"start":{"line":23,"column":16},"end":{"line":23,"column":null}},"13":{"start":{"line":23,"column":45},"end":{"line":23,"column":null}}},"fnMap":{"0":{"name":"generateStaticParams","decl":{"start":{"line":5,"column":16},"end":{"line":5,"column":null}},"loc":{"start":{"line":5,"column":16},"end":{"line":9,"column":null}}},"1":{"name":"(anonymous_5)","decl":{"start":{"line":6,"column":25},"end":{"line":6,"column":26}},"loc":{"start":{"line":6,"column":38},"end":{"line":8,"column":null}}},"2":{"name":"DBMSModulePage","decl":{"start":{"line":11,"column":30},"end":{"line":11,"column":45}},"loc":{"start":{"line":15,"column":1},"end":{"line":26,"column":null}}},"3":{"name":"(anonymous_7)","decl":{"start":{"line":17,"column":41},"end":{"line":17,"column":42}},"loc":{"start":{"line":17,"column":48},"end":{"line":17,"column":null}}},"4":{"name":"(anonymous_8)","decl":{"start":{"line":23,"column":38},"end":{"line":23,"column":39}},"loc":{"start":{"line":23,"column":45},"end":{"line":23,"column":null}}}},"branchMap":{"0":{"loc":{"start":{"line":19,"column":2},"end":{"line":21,"column":null}},"type":"if","locations":[{"start":{"line":19,"column":2},"end":{"line":21,"column":null}},{"start":{},"end":{}}]}},"s":{"0":0,"1":0,"2":0,"3":0,"4":0,"5":0,"6":0,"7":0,"8":0,"9":0,"10":0,"11":0,"12":0,"13":0},"f":{"0":0,"1":0,"2":0,"3":0,"4":0},"b":{"0":[0,0]}}
,"/home/akshayaparida/portfolio/src/app/digital-fundamentals/layout.tsx": {"path":"/home/akshayaparida/portfolio/src/app/digital-fundamentals/layout.tsx","statementMap":{"0":{"start":{"line":10,"column":24},"end":{"line":10,"column":50}},"1":{"start":{"line":3,"column":27},"end":{"line":3,"column":null}},"2":{"start":{"line":4,"column":26},"end":{"line":4,"column":null}},"3":{"start":{"line":5,"column":42},"end":{"line":5,"column":null}},"4":{"start":{"line":6,"column":43},"end":{"line":6,"column":null}},"5":{"start":{"line":7,"column":24},"end":{"line":7,"column":null}},"6":{"start":{"line":8,"column":7},"end":{"line":8,"column":null}}},"fnMap":{"0":{"name":"DigitalFundamentalsLayout","decl":{"start":{"line":10,"column":24},"end":{"line":10,"column":50}},"loc":{"start":{"line":14,"column":1},"end":{"line":56,"column":null}}}},"branchMap":{},"s":{"0":0,"1":0,"2":0,"3":0,"4":0,"5":0,"6":0},"f":{"0":0},"b":{}}
,"/home/akshayaparida/portfolio/src/app/digital-fundamentals/page.tsx": {"path":"/home/akshayaparida/portfolio/src/app/digital-fundamentals/page.tsx","statementMap":{"0":{"start":{"line":3,"column":24},"end":{"line":3,"column":null}},"1":{"start":{"line":1,"column":25},"end":{"line":1,"column":null}},"2":{"start":{"line":4,"column":2},"end":{"line":4,"column":null}}},"fnMap":{"0":{"name":"DigitalFundamentalsPage","decl":{"start":{"line":3,"column":24},"end":{"line":3,"column":null}},"loc":{"start":{"line":3,"column":24},"end":{"line":5,"column":null}}}},"branchMap":{},"s":{"0":0,"1":0,"2":0},"f":{"0":0},"b":{}}
,"/home/akshayaparida/portfolio/src/app/digital-fundamentals/[moduleId]/page.tsx": {"path":"/home/akshayaparida/portfolio/src/app/digital-fundamentals/[moduleId]/page.tsx","statementMap":{"0":{"start":{"line":11,"column":30},"end":{"line":11,"column":60}},"1":{"start":{"line":5,"column":16},"end":{"line":5,"column":null}},"2":{"start":{"line":1,"column":25},"end":{"line":1,"column":null}},"3":{"start":{"line":2,"column":43},"end":{"line":2,"column":null}},"4":{"start":{"line":3,"column":25},"end":{"line":3,"column":null}},"5":{"start":{"line":6,"column":2},"end":{"line":8,"column":null}},"6":{"start":{"line":6,"column":53},"end":{"line":8,"column":null}},"7":{"start":{"line":16,"column":23},"end":{"line":16,"column":null}},"8":{"start":{"line":17,"column":24},"end":{"line":18,"column":null}},"9":{"start":{"line":18,"column":11},"end":{"line":18,"column":null}},"10":{"start":{"line":21,"column":2},"end":{"line":23,"column":null}},"11":{"start":{"line":22,"column":4},"end":{"line":22,"column":null}},"12":{"start":{"line":25,"column":16},"end":{"line":25,"column":null}},"13":{"start":{"line":25,"column":60},"end":{"line":25,"column":null}}},"fnMap":{"0":{"name":"generateStaticParams","decl":{"start":{"line":5,"column":16},"end":{"line":5,"column":null}},"loc":{"start":{"line":5,"column":16},"end":{"line":9,"column":null}}},"1":{"name":"(anonymous_5)","decl":{"start":{"line":6,"column":40},"end":{"line":6,"column":41}},"loc":{"start":{"line":6,"column":53},"end":{"line":8,"column":null}}},"2":{"name":"DigitalFundamentalsModulePage","decl":{"start":{"line":11,"column":30},"end":{"line":11,"column":60}},"loc":{"start":{"line":15,"column":1},"end":{"line":28,"column":null}}},"3":{"name":"(anonymous_7)","decl":{"start":{"line":18,"column":4},"end":{"line":18,"column":5}},"loc":{"start":{"line":18,"column":11},"end":{"line":18,"column":null}}},"4":{"name":"(anonymous_8)","decl":{"start":{"line":25,"column":53},"end":{"line":25,"column":54}},"loc":{"start":{"line":25,"column":60},"end":{"line":25,"column":null}}}},"branchMap":{"0":{"loc":{"start":{"line":21,"column":2},"end":{"line":23,"column":null}},"type":"if","locations":[{"start":{"line":21,"column":2},"end":{"line":23,"column":null}},{"start":{},"end":{}}]}},"s":{"0":0,"1":0,"2":0,"3":0,"4":0,"5":0,"6":0,"7":0,"8":0,"9":0,"10":0,"11":0,"12":0,"13":0},"f":{"0":0,"1":0,"2":0,"3":0,"4":0},"b":{"0":[0,0]}}
,"/home/akshayaparida/portfolio/src/app/dsa/layout.tsx": {"path":"/home/akshayaparida/portfolio/src/app/dsa/layout.tsx","statementMap":{"0":{"start":{"line":10,"column":24},"end":{"line":10,"column":34}},"1":{"start":{"line":3,"column":27},"end":{"line":3,"column":null}},"2":{"start":{"line":4,"column":26},"end":{"line":4,"column":null}},"3":{"start":{"line":5,"column":26},"end":{"line":5,"column":null}},"4":{"start":{"line":6,"column":27},"end":{"line":6,"column":null}},"5":{"start":{"line":7,"column":24},"end":{"line":7,"column":null}},"6":{"start":{"line":8,"column":7},"end":{"line":8,"column":null}}},"fnMap":{"0":{"name":"DSALayout","decl":{"start":{"line":10,"column":24},"end":{"line":10,"column":34}},"loc":{"start":{"line":10,"column":77},"end":{"line":50,"column":null}}}},"branchMap":{},"s":{"0":0,"1":0,"2":0,"3":0,"4":0,"5":0,"6":0},"f":{"0":0},"b":{}}
,"/home/akshayaparida/portfolio/src/app/dsa/page.tsx": {"path":"/home/akshayaparida/portfolio/src/app/dsa/page.tsx","statementMap":{"0":{"start":{"line":3,"column":24},"end":{"line":3,"column":null}},"1":{"start":{"line":1,"column":25},"end":{"line":1,"column":null}},"2":{"start":{"line":4,"column":2},"end":{"line":4,"column":null}}},"fnMap":{"0":{"name":"DSAPage","decl":{"start":{"line":3,"column":24},"end":{"line":3,"column":null}},"loc":{"start":{"line":3,"column":24},"end":{"line":5,"column":null}}}},"branchMap":{},"s":{"0":0,"1":0,"2":0},"f":{"0":0},"b":{}}
,"/home/akshayaparida/portfolio/src/app/dsa/[moduleId]/page.tsx": {"path":"/home/akshayaparida/portfolio/src/app/dsa/[moduleId]/page.tsx","statementMap":{"0":{"start":{"line":9,"column":24},"end":{"line":9,"column":null}},"1":{"start":{"line":3,"column":27},"end":{"line":3,"column":null}},"2":{"start":{"line":4,"column":25},"end":{"line":4,"column":null}},"3":{"start":{"line":5,"column":25},"end":{"line":5,"column":null}},"4":{"start":{"line":7,"column":18},"end":{"line":7,"column":null}},"5":{"start":{"line":10,"column":23},"end":{"line":10,"column":null}},"6":{"start":{"line":12,"column":24},"end":{"line":12,"column":null}},"7":{"start":{"line":12,"column":47},"end":{"line":12,"column":null}},"8":{"start":{"line":14,"column":2},"end":{"line":16,"column":null}},"9":{"start":{"line":15,"column":4},"end":{"line":15,"column":null}},"10":{"start":{"line":19,"column":16},"end":{"line":19,"column":null}},"11":{"start":{"line":19,"column":44},"end":{"line":19,"column":null}}},"fnMap":{"0":{"name":"DSAModulePage","decl":{"start":{"line":9,"column":24},"end":{"line":9,"column":null}},"loc":{"start":{"line":9,"column":24},"end":{"line":22,"column":null}}},"1":{"name":"(anonymous_3)","decl":{"start":{"line":12,"column":40},"end":{"line":12,"column":41}},"loc":{"start":{"line":12,"column":47},"end":{"line":12,"column":null}}},"2":{"name":"(anonymous_4)","decl":{"start":{"line":19,"column":37},"end":{"line":19,"column":38}},"loc":{"start":{"line":19,"column":44},"end":{"line":19,"column":null}}}},"branchMap":{"0":{"loc":{"start":{"line":14,"column":2},"end":{"line":16,"column":null}},"type":"if","locations":[{"start":{"line":14,"column":2},"end":{"line":16,"column":null}},{"start":{},"end":{}}]}},"s":{"0":0,"1":0,"2":0,"3":0,"4":0,"5":0,"6":0,"7":0,"8":0,"9":0,"10":0,"11":0},"f":{"0":0,"1":0,"2":0},"b":{"0":[0,0]}}
,"/home/akshayaparida/portfolio/src/app/learning-journey/page.tsx": {"path":"/home/akshayaparida/portfolio/src/app/learning-journey/page.tsx","statementMap":{"0":{"start":{"line":109,"column":24},"end":{"line":109,"column":null}},"1":{"start":{"line":3,"column":17},"end":{"line":3,"column":null}},"2":{"start":{"line":4,"column":24},"end":{"line":4,"column":null}},"3":{"start":{"line":16,"column":46},"end":{"line":107,"column":null}},"4":{"start":{"line":137,"column":12},"end":{"line":138,"column":null}},"5":{"start":{"line":165,"column":20},"end":{"line":165,"column":46}}},"fnMap":{"0":{"name":"LearningJourneyPage","decl":{"start":{"line":109,"column":24},"end":{"line":109,"column":null}},"loc":{"start":{"line":109,"column":24},"end":{"line":578,"column":null}}},"1":{"name":"(anonymous_3)","decl":{"start":{"line":136,"column":33},"end":{"line":136,"column":34}},"loc":{"start":{"line":137,"column":12},"end":{"line":138,"column":null}}},"2":{"name":"(anonymous_4)","decl":{"start":{"line":164,"column":44},"end":{"line":164,"column":45}},"loc":{"start":{"line":165,"column":20},"end":{"line":165,"column":46}}}},"branchMap":{"0":{"loc":{"start":{"line":139,"column":42},"end":{"line":139,"column":78}},"type":"cond-expr","locations":[{"start":{"line":139,"column":60},"end":{"line":139,"column":69}},{"start":{"line":139,"column":69},"end":{"line":139,"column":78}}]},"1":{"loc":{"start":{"line":146,"column":32},"end":{"line":146,"column":null}},"type":"binary-expr","locations":[{"start":{"line":146,"column":32},"end":{"line":146,"column":46}},{"start":{"line":146,"column":46},"end":{"line":146,"column":null}}]}},"s":{"0":0,"1":0,"2":0,"3":0,"4":0,"5":0},"f":{"0":0,"1":0,"2":0},"b":{"0":[0,0],"1":[0,0]}}
,"/home/akshayaparida/portfolio/src/app/mathematics/layout.tsx": {"path":"/home/akshayaparida/portfolio/src/app/mathematics/layout.tsx","statementMap":{"0":{"start":{"line":10,"column":24},"end":{"line":10,"column":42}},"1":{"start":{"line":3,"column":27},"end":{"line":3,"column":null}},"2":{"start":{"line":4,"column":26},"end":{"line":4,"column":null}},"3":{"start":{"line":5,"column":24},"end":{"line":5,"column":null}},"4":{"start":{"line":6,"column":35},"end":{"line":6,"column":null}},"5":{"start":{"line":7,"column":27},"end":{"line":7,"column":null}},"6":{"start":{"line":8,"column":7},"end":{"line":8,"column":null}}},"fnMap":{"0":{"name":"MathematicsLayout","decl":{"start":{"line":10,"column":24},"end":{"line":10,"column":42}},"loc":{"start":{"line":14,"column":1},"end":{"line":54,"column":null}}}},"branchMap":{},"s":{"0":0,"1":0,"2":0,"3":0,"4":0,"5":0,"6":0},"f":{"0":0},"b":{}}
,"/home/akshayaparida/portfolio/src/app/mathematics/page.code-splitting.tsx": {"path":"/home/akshayaparida/portfolio/src/app/mathematics/page.code-splitting.tsx","statementMap":{"0":{"start":{"line":74,"column":24},"end":{"line":74,"column":null}},"1":{"start":{"line":3,"column":60},"end":{"line":3,"column":null}},"2":{"start":{"line":4,"column":17},"end":{"line":4,"column":null}},"3":{"start":{"line":5,"column":26},"end":{"line":5,"column":null}},"4":{"start":{"line":6,"column":28},"end":{"line":6,"column":null}},"5":{"start":{"line":7,"column":27},"end":{"line":7,"column":null}},"6":{"start":{"line":8,"column":35},"end":{"line":8,"column":null}},"7":{"start":{"line":9,"column":22},"end":{"line":9,"column":null}},"8":{"start":{"line":10,"column":26},"end":{"line":10,"column":null}},"9":{"start":{"line":11,"column":30},"end":{"line":11,"column":null}},"10":{"start":{"line":12,"column":32},"end":{"line":12,"column":null}},"11":{"start":{"line":13,"column":24},"end":{"line":13,"column":null}},"12":{"start":{"line":16,"column":22},"end":{"line":16,"column":null}},"13":{"start":{"line":16,"column":33},"end":{"line":16,"column":null}},"14":{"start":{"line":17,"column":29},"end":{"line":17,"column":null}},"15":{"start":{"line":17,"column":40},"end":{"line":17,"column":null}},"16":{"start":{"line":18,"column":25},"end":{"line":18,"column":null}},"17":{"start":{"line":18,"column":36},"end":{"line":18,"column":null}},"18":{"start":{"line":19,"column":34},"end":{"line":19,"column":null}},"19":{"start":{"line":19,"column":45},"end":{"line":19,"column":null}},"20":{"start":{"line":20,"column":28},"end":{"line":20,"column":null}},"21":{"start":{"line":20,"column":39},"end":{"line":20,"column":null}},"22":{"start":{"line":21,"column":29},"end":{"line":21,"column":null}},"23":{"start":{"line":21,"column":40},"end":{"line":21,"column":null}},"24":{"start":{"line":23,"column":87},"end":{"line":30,"column":null}},"25":{"start":{"line":75,"column":48},"end":{"line":75,"column":null}},"26":{"start":{"line":76,"column":44},"end":{"line":76,"column":null}},"27":{"start":{"line":77,"column":42},"end":{"line":77,"column":null}},"28":{"start":{"line":78,"column":19},"end":{"line":78,"column":null}},"29":{"start":{"line":79,"column":21},"end":{"line":79,"column":null}},"30":{"start":{"line":80,"column":27},"end":{"line":80,"column":null}},"31":{"start":{"line":82,"column":25},"end":{"line":82,"column":null}},"32":{"start":{"line":82,"column":72},"end":{"line":82,"column":100}},"33":{"start":{"line":85,"column":24},"end":{"line":90,"column":null}},"34":{"start":{"line":86,"column":4},"end":{"line":89,"column":null}},"35":{"start":{"line":87,"column":6},"end":{"line":87,"column":null}},"36":{"start":{"line":88,"column":6},"end":{"line":88,"column":null}},"37":{"start":{"line":93,"column":2},"end":{"line":104,"column":null}},"38":{"start":{"line":94,"column":22},"end":{"line":98,"column":null}},"39":{"start":{"line":95,"column":6},"end":{"line":97,"column":null}},"40":{"start":{"line":96,"column":8},"end":{"line":96,"column":null}},"41":{"start":{"line":100,"column":4},"end":{"line":100,"column":null}},"42":{"start":{"line":101,"column":4},"end":{"line":103,"column":null}},"43":{"start":{"line":102,"column":6},"end":{"line":102,"column":null}},"44":{"start":{"line":107,"column":2},"end":{"line":141,"column":null}},"45":{"start":{"line":108,"column":4},"end":{"line":140,"column":null}},"46":{"start":{"line":109,"column":6},"end":{"line":109,"column":null}},"47":{"start":{"line":111,"column":6},"end":{"line":111,"column":null}},"48":{"start":{"line":114,"column":28},"end":{"line":114,"column":null}},"49":{"start":{"line":114,"column":57},"end":{"line":114,"column":null}},"50":{"start":{"line":115,"column":6},"end":{"line":117,"column":null}},"51":{"start":{"line":116,"column":8},"end":{"line":116,"column":null}},"52":{"start":{"line":120,"column":20},"end":{"line":130,"column":null}},"53":{"start":{"line":121,"column":8},"end":{"line":121,"column":null}},"54":{"start":{"line":123,"column":8},"end":{"line":129,"column":null}},"55":{"start":{"line":124,"column":10},"end":{"line":124,"column":null}},"56":{"start":{"line":126,"column":10},"end":{"line":128,"column":null}},"57":{"start":{"line":127,"column":12},"end":{"line":127,"column":null}},"58":{"start":{"line":131,"column":6},"end":{"line":131,"column":null}},"59":{"start":{"line":131,"column":19},"end":{"line":131,"column":null}},"60":{"start":{"line":133,"column":6},"end":{"line":133,"column":null}},"61":{"start":{"line":135,"column":6},"end":{"line":135,"column":null}},"62":{"start":{"line":137,"column":6},"end":{"line":139,"column":null}},"63":{"start":{"line":138,"column":8},"end":{"line":138,"column":null}},"64":{"start":{"line":173,"column":30},"end":{"line":236,"column":null}},"65":{"start":{"line":174,"column":16},"end":{"line":235,"column":null}},"66":{"start":{"line":234,"column":20},"end":{"line":234,"column":null}},"67":{"start":{"line":237,"column":14},"end":{"line":239,"column":null}},"68":{"start":{"line":241,"column":20},"end":{"line":245,"column":null}},"69":{"start":{"line":242,"column":22},"end":{"line":242,"column":null}},"70":{"start":{"line":244,"column":22},"end":{"line":244,"column":null}},"71":{"start":{"line":249,"column":20},"end":{"line":249,"column":null}},"72":{"start":{"line":250,"column":20},"end":{"line":250,"column":null}},"73":{"start":{"line":252,"column":36},"end":{"line":252,"column":null}},"74":{"start":{"line":285,"column":54},"end":{"line":285,"column":80}},"75":{"start":{"line":290,"column":28},"end":{"line":290,"column":null}},"76":{"start":{"line":293,"column":29},"end":{"line":293,"column":null}},"77":{"start":{"line":295,"column":16},"end":{"line":298,"column":null}},"78":{"start":{"line":296,"column":18},"end":{"line":296,"column":null}},"79":{"start":{"line":297,"column":18},"end":{"line":297,"column":null}},"80":{"start":{"line":311,"column":36},"end":{"line":360,"column":null}},"81":{"start":{"line":312,"column":22},"end":{"line":359,"column":null}},"82":{"start":{"line":358,"column":26},"end":{"line":358,"column":null}},"83":{"start":{"line":361,"column":20},"end":{"line":361,"column":null}},"84":{"start":{"line":398,"column":46},"end":{"line":398,"column":74}},"85":{"start":{"line":399,"column":24},"end":{"line":411,"column":null}}},"fnMap":{"0":{"name":"(anonymous_5)","decl":{"start":{"line":16,"column":27},"end":{"line":16,"column":33}},"loc":{"start":{"line":16,"column":33},"end":{"line":16,"column":null}}},"1":{"name":"(anonymous_6)","decl":{"start":{"line":16,"column":33},"end":{"line":16,"column":40}},"loc":{"start":{"line":16,"column":33},"end":{"line":16,"column":null}}},"2":{"name":"(anonymous_7)","decl":{"start":{"line":17,"column":34},"end":{"line":17,"column":40}},"loc":{"start":{"line":17,"column":40},"end":{"line":17,"column":null}}},"3":{"name":"(anonymous_8)","decl":{"start":{"line":17,"column":40},"end":{"line":17,"column":47}},"loc":{"start":{"line":17,"column":40},"end":{"line":17,"column":null}}},"4":{"name":"(anonymous_9)","decl":{"start":{"line":18,"column":30},"end":{"line":18,"column":36}},"loc":{"start":{"line":18,"column":36},"end":{"line":18,"column":null}}},"5":{"name":"(anonymous_10)","decl":{"start":{"line":18,"column":36},"end":{"line":18,"column":43}},"loc":{"start":{"line":18,"column":36},"end":{"line":18,"column":null}}},"6":{"name":"(anonymous_11)","decl":{"start":{"line":19,"column":39},"end":{"line":19,"column":45}},"loc":{"start":{"line":19,"column":45},"end":{"line":19,"column":null}}},"7":{"name":"(anonymous_12)","decl":{"start":{"line":19,"column":45},"end":{"line":19,"column":52}},"loc":{"start":{"line":19,"column":45},"end":{"line":19,"column":null}}},"8":{"name":"(anonymous_13)","decl":{"start":{"line":20,"column":33},"end":{"line":20,"column":39}},"loc":{"start":{"line":20,"column":39},"end":{"line":20,"column":null}}},"9":{"name":"(anonymous_14)","decl":{"start":{"line":20,"column":39},"end":{"line":20,"column":46}},"loc":{"start":{"line":20,"column":39},"end":{"line":20,"column":null}}},"10":{"name":"(anonymous_15)","decl":{"start":{"line":21,"column":34},"end":{"line":21,"column":40}},"loc":{"start":{"line":21,"column":40},"end":{"line":21,"column":null}}},"11":{"name":"(anonymous_16)","decl":{"start":{"line":21,"column":40},"end":{"line":21,"column":47}},"loc":{"start":{"line":21,"column":40},"end":{"line":21,"column":null}}},"12":{"name":"MathematicsComprehensive","decl":{"start":{"line":74,"column":24},"end":{"line":74,"column":null}},"loc":{"start":{"line":74,"column":24},"end":{"line":1034,"column":null}}},"13":{"name":"(anonymous_19)","decl":{"start":{"line":82,"column":67},"end":{"line":82,"column":72}},"loc":{"start":{"line":82,"column":72},"end":{"line":82,"column":100}}},"14":{"name":"(anonymous_20)","decl":{"start":{"line":85,"column":24},"end":{"line":85,"column":25}},"loc":{"start":{"line":85,"column":75},"end":{"line":90,"column":null}}},"15":{"name":"(anonymous_21)","decl":{"start":{"line":93,"column":12},"end":{"line":93,"column":null}},"loc":{"start":{"line":93,"column":12},"end":{"line":104,"column":5}}},"16":{"name":"(anonymous_22)","decl":{"start":{"line":94,"column":22},"end":{"line":94,"column":23}},"loc":{"start":{"line":94,"column":23},"end":{"line":98,"column":null}}},"17":{"name":"(anonymous_23)","decl":{"start":{"line":101,"column":11},"end":{"line":101,"column":null}},"loc":{"start":{"line":101,"column":11},"end":{"line":103,"column":null}}},"18":{"name":"(anonymous_24)","decl":{"start":{"line":107,"column":12},"end":{"line":107,"column":null}},"loc":{"start":{"line":107,"column":12},"end":{"line":141,"column":5}}},"19":{"name":"(anonymous_25)","decl":{"start":{"line":114,"column":52},"end":{"line":114,"column":57}},"loc":{"start":{"line":114,"column":57},"end":{"line":114,"column":null}}},"20":{"name":"(anonymous_26)","decl":{"start":{"line":120,"column":31},"end":{"line":120,"column":null}},"loc":{"start":{"line":120,"column":31},"end":{"line":130,"column":9}}},"21":{"name":"(anonymous_27)","decl":{"start":{"line":131,"column":13},"end":{"line":131,"column":19}},"loc":{"start":{"line":131,"column":19},"end":{"line":131,"column":null}}},"22":{"name":"(anonymous_28)","decl":{"start":{"line":172,"column":36},"end":{"line":172,"column":37}},"loc":{"start":{"line":172,"column":37},"end":{"line":266,"column":null}}},"23":{"name":"(anonymous_29)","decl":{"start":{"line":173,"column":30},"end":{"line":173,"column":31}},"loc":{"start":{"line":173,"column":31},"end":{"line":236,"column":null}}},"24":{"name":"(anonymous_30)","decl":{"start":{"line":240,"column":23},"end":{"line":240,"column":24}},"loc":{"start":{"line":240,"column":24},"end":{"line":246,"column":null}}},"25":{"name":"(anonymous_31)","decl":{"start":{"line":247,"column":27},"end":{"line":247,"column":null}},"loc":{"start":{"line":247,"column":27},"end":{"line":251,"column":null}}},"26":{"name":"(anonymous_32)","decl":{"start":{"line":252,"column":29},"end":{"line":252,"column":30}},"loc":{"start":{"line":252,"column":36},"end":{"line":252,"column":null}}},"27":{"name":"(anonymous_33)","decl":{"start":{"line":285,"column":48},"end":{"line":285,"column":54}},"loc":{"start":{"line":285,"column":54},"end":{"line":285,"column":80}}},"28":{"name":"(anonymous_34)","decl":{"start":{"line":290,"column":21},"end":{"line":290,"column":22}},"loc":{"start":{"line":290,"column":28},"end":{"line":290,"column":null}}},"29":{"name":"(anonymous_35)","decl":{"start":{"line":293,"column":23},"end":{"line":293,"column":29}},"loc":{"start":{"line":293,"column":29},"end":{"line":293,"column":null}}},"30":{"name":"(anonymous_36)","decl":{"start":{"line":294,"column":25},"end":{"line":294,"column":26}},"loc":{"start":{"line":294,"column":26},"end":{"line":299,"column":null}}},"31":{"name":"(anonymous_37)","decl":{"start":{"line":310,"column":20},"end":{"line":310,"column":null}},"loc":{"start":{"line":310,"column":20},"end":{"line":362,"column":null}}},"32":{"name":"(anonymous_38)","decl":{"start":{"line":311,"column":36},"end":{"line":311,"column":37}},"loc":{"start":{"line":311,"column":37},"end":{"line":360,"column":null}}},"33":{"name":"(anonymous_39)","decl":{"start":{"line":397,"column":53},"end":{"line":397,"column":54}},"loc":{"start":{"line":397,"column":54},"end":{"line":412,"column":null}}}},"branchMap":{"0":{"loc":{"start":{"line":82,"column":25},"end":{"line":82,"column":null}},"type":"cond-expr","locations":[{"start":{"line":82,"column":43},"end":{"line":82,"column":100}},{"start":{"line":82,"column":100},"end":{"line":82,"column":null}}]},"1":{"loc":{"start":{"line":86,"column":4},"end":{"line":89,"column":null}},"type":"if","locations":[{"start":{"line":86,"column":4},"end":{"line":89,"column":null}},{"start":{},"end":{}}]},"2":{"loc":{"start":{"line":86,"column":8},"end":{"line":86,"column":52}},"type":"binary-expr","locations":[{"start":{"line":86,"column":8},"end":{"line":86,"column":33}},{"start":{"line":86,"column":33},"end":{"line":86,"column":52}}]},"3":{"loc":{"start":{"line":95,"column":6},"end":{"line":97,"column":null}},"type":"if","locations":[{"start":{"line":95,"column":6},"end":{"line":97,"column":null}},{"start":{},"end":{}}]},"4":{"loc":{"start":{"line":95,"column":10},"end":{"line":95,"column":53}},"type":"binary-expr","locations":[{"start":{"line":95,"column":10},"end":{"line":95,"column":36}},{"start":{"line":95,"column":36},"end":{"line":95,"column":53}}]},"5":{"loc":{"start":{"line":108,"column":4},"end":{"line":140,"column":null}},"type":"if","locations":[{"start":{"line":108,"column":4},"end":{"line":140,"column":null}},{"start":{"line":132,"column":11},"end":{"line":140,"column":null}}]},"6":{"loc":{"start":{"line":115,"column":6},"end":{"line":117,"column":null}},"type":"if","locations":[{"start":{"line":115,"column":6},"end":{"line":117,"column":null}},{"start":{},"end":{}}]},"7":{"loc":{"start":{"line":123,"column":8},"end":{"line":129,"column":null}},"type":"if","locations":[{"start":{"line":123,"column":8},"end":{"line":129,"column":null}},{"start":{},"end":{}}]},"8":{"loc":{"start":{"line":126,"column":10},"end":{"line":128,"column":null}},"type":"if","locations":[{"start":{"line":126,"column":10},"end":{"line":128,"column":null}},{"start":{},"end":{}}]},"9":{"loc":{"start":{"line":137,"column":6},"end":{"line":139,"column":null}},"type":"if","locations":[{"start":{"line":137,"column":6},"end":{"line":139,"column":null}},{"start":{},"end":{}}]},"10":{"loc":{"start":{"line":174,"column":16},"end":{"line":235,"column":null}},"type":"switch","locations":[{"start":{"line":233,"column":18},"end":{"line":234,"column":null}}]},"11":{"loc":{"start":{"line":241,"column":20},"end":{"line":245,"column":null}},"type":"if","locations":[{"start":{"line":241,"column":20},"end":{"line":245,"column":null}},{"start":{"line":243,"column":27},"end":{"line":245,"column":null}}]},"12":{"loc":{"start":{"line":249,"column":41},"end":{"line":249,"column":102}},"type":"binary-expr","locations":[{"start":{"line":249,"column":41},"end":{"line":249,"column":76}},{"start":{"line":249,"column":80},"end":{"line":249,"column":102}}]},"13":{"loc":{"start":{"line":253,"column":45},"end":{"line":253,"column":92}},"type":"cond-expr","locations":[{"start":{"line":253,"column":77},"end":{"line":253,"column":88}},{"start":{"line":253,"column":88},"end":{"line":253,"column":92}}]},"14":{"loc":{"start":{"line":284,"column":7},"end":{"line":284,"column":null}},"type":"binary-expr","locations":[{"start":{"line":284,"column":7},"end":{"line":284,"column":null}}]},"15":{"loc":{"start":{"line":295,"column":16},"end":{"line":298,"column":null}},"type":"if","locations":[{"start":{"line":295,"column":16},"end":{"line":298,"column":null}},{"start":{},"end":{}}]},"16":{"loc":{"start":{"line":295,"column":20},"end":{"line":295,"column":56}},"type":"binary-expr","locations":[{"start":{"line":295,"column":20},"end":{"line":295,"column":41}},{"start":{"line":295,"column":41},"end":{"line":295,"column":56}}]},"17":{"loc":{"start":{"line":312,"column":22},"end":{"line":359,"column":null}},"type":"switch","locations":[{"start":{"line":357,"column":24},"end":{"line":358,"column":null}}]},"18":{"loc":{"start":{"line":369,"column":16},"end":{"line":369,"column":null}},"type":"cond-expr","locations":[{"start":{"line":369,"column":16},"end":{"line":369,"column":null}}]},"19":{"loc":{"start":{"line":390,"column":19},"end":{"line":390,"column":44}},"type":"binary-expr","locations":[{"start":{"line":390,"column":19},"end":{"line":390,"column":44}},{"start":{"line":390,"column":48},"end":{"line":390,"column":null}}]},"20":{"loc":{"start":{"line":399,"column":31},"end":{"line":411,"column":null}},"type":"cond-expr","locations":[{"start":{"line":400,"column":26},"end":{"line":400,"column":64}},{"start":{"line":411,"column":28},"end":{"line":411,"column":null}}]}},"s":{"0":0,"1":0,"2":0,"3":0,"4":0,"5":0,"6":0,"7":0,"8":0,"9":0,"10":0,"11":0,"12":0,"13":0,"14":0,"15":0,"16":0,"17":0,"18":0,"19":0,"20":0,"21":0,"22":0,"23":0,"24":0,"25":0,"26":0,"27":0,"28":0,"29":0,"30":0,"31":0,"32":0,"33":0,"34":0,"35":0,"36":0,"37":0,"38":0,"39":0,"40":0,"41":0,"42":0,"43":0,"44":0,"45":0,"46":0,"47":0,"48":0,"49":0,"50":0,"51":0,"52":0,"53":0,"54":0,"55":0,"56":0,"57":0,"58":0,"59":0,"60":0,"61":0,"62":0,"63":0,"64":0,"65":0,"66":0,"67":0,"68":0,"69":0,"70":0,"71":0,"72":0,"73":0,"74":0,"75":0,"76":0,"77":0,"78":0,"79":0,"80":0,"81":0,"82":0,"83":0,"84":0,"85":0},"f":{"0":0,"1":0,"2":0,"3":0,"4":0,"5":0,"6":0,"7":0,"8":0,"9":0,"10":0,"11":0,"12":0,"13":0,"14":0,"15":0,"16":0,"17":0,"18":0,"19":0,"20":0,"21":0,"22":0,"23":0,"24":0,"25":0,"26":0,"27":0,"28":0,"29":0,"30":0,"31":0,"32":0,"33":0},"b":{"0":[0,0],"1":[0,0],"2":[0,0],"3":[0,0],"4":[0,0],"5":[0,0],"6":[0,0],"7":[0,0],"8":[0,0],"9":[0,0],"10":[0],"11":[0,0],"12":[0,0],"13":[0,0],"14":[0],"15":[0,0],"16":[0,0],"17":[0],"18":[0],"19":[0,0],"20":[0,0]}}
,"/home/akshayaparida/portfolio/src/app/mathematics/page.tsx": {"path":"/home/akshayaparida/portfolio/src/app/mathematics/page.tsx","statementMap":{"0":{"start":{"line":3,"column":24},"end":{"line":3,"column":null}},"1":{"start":{"line":1,"column":25},"end":{"line":1,"column":null}},"2":{"start":{"line":4,"column":2},"end":{"line":4,"column":null}}},"fnMap":{"0":{"name":"MathematicsPage","decl":{"start":{"line":3,"column":24},"end":{"line":3,"column":null}},"loc":{"start":{"line":3,"column":24},"end":{"line":5,"column":null}}}},"branchMap":{},"s":{"0":0,"1":0,"2":0},"f":{"0":0},"b":{}}
,"/home/akshayaparida/portfolio/src/app/mathematics/[moduleId]/page.tsx": {"path":"/home/akshayaparida/portfolio/src/app/mathematics/[moduleId]/page.tsx","statementMap":{"0":{"start":{"line":24,"column":24},"end":{"line":24,"column":null}},"1":{"start":{"line":3,"column":35},"end":{"line":3,"column":null}},"2":{"start":{"line":4,"column":25},"end":{"line":4,"column":null}},"3":{"start":{"line":5,"column":26},"end":{"line":5,"column":null}},"4":{"start":{"line":6,"column":33},"end":{"line":6,"column":null}},"5":{"start":{"line":7,"column":29},"end":{"line":7,"column":null}},"6":{"start":{"line":8,"column":38},"end":{"line":8,"column":null}},"7":{"start":{"line":9,"column":32},"end":{"line":9,"column":null}},"8":{"start":{"line":10,"column":33},"end":{"line":10,"column":null}},"9":{"start":{"line":11,"column":25},"end":{"line":11,"column":null}},"10":{"start":{"line":13,"column":18},"end":{"line":13,"column":null}},"11":{"start":{"line":15,"column":60},"end":{"line":22,"column":null}},"12":{"start":{"line":25,"column":23},"end":{"line":25,"column":null}},"13":{"start":{"line":27,"column":24},"end":{"line":27,"column":null}},"14":{"start":{"line":27,"column":55},"end":{"line":27,"column":null}},"15":{"start":{"line":29,"column":2},"end":{"line":31,"column":null}},"16":{"start":{"line":30,"column":4},"end":{"line":30,"column":null}},"17":{"start":{"line":34,"column":16},"end":{"line":34,"column":null}},"18":{"start":{"line":34,"column":52},"end":{"line":34,"column":null}}},"fnMap":{"0":{"name":"ModulePage","decl":{"start":{"line":24,"column":24},"end":{"line":24,"column":null}},"loc":{"start":{"line":24,"column":24},"end":{"line":43,"column":null}}},"1":{"name":"(anonymous_3)","decl":{"start":{"line":27,"column":48},"end":{"line":27,"column":49}},"loc":{"start":{"line":27,"column":55},"end":{"line":27,"column":null}}},"2":{"name":"(anonymous_4)","decl":{"start":{"line":34,"column":45},"end":{"line":34,"column":46}},"loc":{"start":{"line":34,"column":52},"end":{"line":34,"column":null}}}},"branchMap":{"0":{"loc":{"start":{"line":29,"column":2},"end":{"line":31,"column":null}},"type":"if","locations":[{"start":{"line":29,"column":2},"end":{"line":31,"column":null}},{"start":{},"end":{}}]}},"s":{"0":3,"1":1,"2":1,"3":1,"4":1,"5":1,"6":1,"7":1,"8":1,"9":1,"10":1,"11":1,"12":3,"13":3,"14":9,"15":3,"16":1,"17":2,"18":2},"f":{"0":3,"1":9,"2":2},"b":{"0":[1,2]}}
,"/home/akshayaparida/portfolio/src/app/mlops/layout.tsx": {"path":"/home/akshayaparida/portfolio/src/app/mlops/layout.tsx","statementMap":{"0":{"start":{"line":9,"column":24},"end":{"line":9,"column":36}},"1":{"start":{"line":3,"column":27},"end":{"line":3,"column":null}},"2":{"start":{"line":4,"column":26},"end":{"line":4,"column":null}},"3":{"start":{"line":5,"column":28},"end":{"line":5,"column":null}},"4":{"start":{"line":6,"column":29},"end":{"line":6,"column":null}},"5":{"start":{"line":7,"column":24},"end":{"line":7,"column":null}}},"fnMap":{"0":{"name":"MLOpsLayout","decl":{"start":{"line":9,"column":24},"end":{"line":9,"column":36}},"loc":{"start":{"line":13,"column":1},"end":{"line":289,"column":null}}}},"branchMap":{},"s":{"0":0,"1":0,"2":0,"3":0,"4":0,"5":0},"f":{"0":0},"b":{}}
,"/home/akshayaparida/portfolio/src/app/mlops/page.tsx": {"path":"/home/akshayaparida/portfolio/src/app/mlops/page.tsx","statementMap":{"0":{"start":{"line":3,"column":24},"end":{"line":3,"column":null}},"1":{"start":{"line":1,"column":25},"end":{"line":1,"column":null}},"2":{"start":{"line":4,"column":2},"end":{"line":4,"column":null}}},"fnMap":{"0":{"name":"MLOpsPage","decl":{"start":{"line":3,"column":24},"end":{"line":3,"column":null}},"loc":{"start":{"line":3,"column":24},"end":{"line":5,"column":null}}}},"branchMap":{},"s":{"0":0,"1":0,"2":0},"f":{"0":0},"b":{}}
,"/home/akshayaparida/portfolio/src/app/mlops/[moduleId]/page.tsx": {"path":"/home/akshayaparida/portfolio/src/app/mlops/[moduleId]/page.tsx","statementMap":{"0":{"start":{"line":11,"column":30},"end":{"line":11,"column":46}},"1":{"start":{"line":5,"column":16},"end":{"line":5,"column":null}},"2":{"start":{"line":1,"column":25},"end":{"line":1,"column":null}},"3":{"start":{"line":2,"column":29},"end":{"line":2,"column":null}},"4":{"start":{"line":3,"column":25},"end":{"line":3,"column":null}},"5":{"start":{"line":6,"column":2},"end":{"line":8,"column":null}},"6":{"start":{"line":6,"column":39},"end":{"line":8,"column":null}},"7":{"start":{"line":16,"column":23},"end":{"line":16,"column":null}},"8":{"start":{"line":17,"column":24},"end":{"line":17,"column":null}},"9":{"start":{"line":17,"column":49},"end":{"line":17,"column":null}},"10":{"start":{"line":19,"column":2},"end":{"line":21,"column":null}},"11":{"start":{"line":20,"column":4},"end":{"line":20,"column":null}},"12":{"start":{"line":23,"column":16},"end":{"line":23,"column":null}},"13":{"start":{"line":23,"column":46},"end":{"line":23,"column":null}}},"fnMap":{"0":{"name":"generateStaticParams","decl":{"start":{"line":5,"column":16},"end":{"line":5,"column":null}},"loc":{"start":{"line":5,"column":16},"end":{"line":9,"column":null}}},"1":{"name":"(anonymous_5)","decl":{"start":{"line":6,"column":26},"end":{"line":6,"column":27}},"loc":{"start":{"line":6,"column":39},"end":{"line":8,"column":null}}},"2":{"name":"MLOpsModulePage","decl":{"start":{"line":11,"column":30},"end":{"line":11,"column":46}},"loc":{"start":{"line":15,"column":1},"end":{"line":26,"column":null}}},"3":{"name":"(anonymous_7)","decl":{"start":{"line":17,"column":42},"end":{"line":17,"column":43}},"loc":{"start":{"line":17,"column":49},"end":{"line":17,"column":null}}},"4":{"name":"(anonymous_8)","decl":{"start":{"line":23,"column":39},"end":{"line":23,"column":40}},"loc":{"start":{"line":23,"column":46},"end":{"line":23,"column":null}}}},"branchMap":{"0":{"loc":{"start":{"line":19,"column":2},"end":{"line":21,"column":null}},"type":"if","locations":[{"start":{"line":19,"column":2},"end":{"line":21,"column":null}},{"start":{},"end":{}}]}},"s":{"0":0,"1":0,"2":0,"3":0,"4":0,"5":0,"6":0,"7":0,"8":0,"9":0,"10":0,"11":0,"12":0,"13":0},"f":{"0":0,"1":0,"2":0,"3":0,"4":0},"b":{"0":[0,0]}}
,"/home/akshayaparida/portfolio/src/app/networks/layout.tsx": {"path":"/home/akshayaparida/portfolio/src/app/networks/layout.tsx","statementMap":{"0":{"start":{"line":10,"column":24},"end":{"line":10,"column":39}},"1":{"start":{"line":3,"column":27},"end":{"line":3,"column":null}},"2":{"start":{"line":4,"column":26},"end":{"line":4,"column":null}},"3":{"start":{"line":5,"column":31},"end":{"line":5,"column":null}},"4":{"start":{"line":6,"column":32},"end":{"line":6,"column":null}},"5":{"start":{"line":7,"column":24},"end":{"line":7,"column":null}},"6":{"start":{"line":8,"column":7},"end":{"line":8,"column":null}}},"fnMap":{"0":{"name":"NetworksLayout","decl":{"start":{"line":10,"column":24},"end":{"line":10,"column":39}},"loc":{"start":{"line":14,"column":1},"end":{"line":54,"column":null}}}},"branchMap":{},"s":{"0":0,"1":0,"2":0,"3":0,"4":0,"5":0,"6":0},"f":{"0":0},"b":{}}
,"/home/akshayaparida/portfolio/src/app/networks/page.tsx": {"path":"/home/akshayaparida/portfolio/src/app/networks/page.tsx","statementMap":{"0":{"start":{"line":3,"column":24},"end":{"line":3,"column":null}},"1":{"start":{"line":1,"column":25},"end":{"line":1,"column":null}},"2":{"start":{"line":4,"column":2},"end":{"line":4,"column":null}}},"fnMap":{"0":{"name":"NetworksPage","decl":{"start":{"line":3,"column":24},"end":{"line":3,"column":null}},"loc":{"start":{"line":3,"column":24},"end":{"line":5,"column":null}}}},"branchMap":{},"s":{"0":0,"1":0,"2":0},"f":{"0":0},"b":{}}
,"/home/akshayaparida/portfolio/src/app/networks/[moduleId]/page.tsx": {"path":"/home/akshayaparida/portfolio/src/app/networks/[moduleId]/page.tsx","statementMap":{"0":{"start":{"line":11,"column":30},"end":{"line":11,"column":49}},"1":{"start":{"line":5,"column":16},"end":{"line":5,"column":null}},"2":{"start":{"line":1,"column":25},"end":{"line":1,"column":null}},"3":{"start":{"line":2,"column":32},"end":{"line":2,"column":null}},"4":{"start":{"line":3,"column":25},"end":{"line":3,"column":null}},"5":{"start":{"line":6,"column":2},"end":{"line":8,"column":null}},"6":{"start":{"line":6,"column":42},"end":{"line":8,"column":null}},"7":{"start":{"line":16,"column":23},"end":{"line":16,"column":null}},"8":{"start":{"line":17,"column":24},"end":{"line":17,"column":null}},"9":{"start":{"line":17,"column":52},"end":{"line":17,"column":null}},"10":{"start":{"line":19,"column":2},"end":{"line":21,"column":null}},"11":{"start":{"line":20,"column":4},"end":{"line":20,"column":null}},"12":{"start":{"line":23,"column":16},"end":{"line":23,"column":null}},"13":{"start":{"line":23,"column":49},"end":{"line":23,"column":null}}},"fnMap":{"0":{"name":"generateStaticParams","decl":{"start":{"line":5,"column":16},"end":{"line":5,"column":null}},"loc":{"start":{"line":5,"column":16},"end":{"line":9,"column":null}}},"1":{"name":"(anonymous_5)","decl":{"start":{"line":6,"column":29},"end":{"line":6,"column":30}},"loc":{"start":{"line":6,"column":42},"end":{"line":8,"column":null}}},"2":{"name":"NetworksModulePage","decl":{"start":{"line":11,"column":30},"end":{"line":11,"column":49}},"loc":{"start":{"line":15,"column":1},"end":{"line":26,"column":null}}},"3":{"name":"(anonymous_7)","decl":{"start":{"line":17,"column":45},"end":{"line":17,"column":46}},"loc":{"start":{"line":17,"column":52},"end":{"line":17,"column":null}}},"4":{"name":"(anonymous_8)","decl":{"start":{"line":23,"column":42},"end":{"line":23,"column":43}},"loc":{"start":{"line":23,"column":49},"end":{"line":23,"column":null}}}},"branchMap":{"0":{"loc":{"start":{"line":19,"column":2},"end":{"line":21,"column":null}},"type":"if","locations":[{"start":{"line":19,"column":2},"end":{"line":21,"column":null}},{"start":{},"end":{}}]}},"s":{"0":0,"1":0,"2":0,"3":0,"4":0,"5":0,"6":0,"7":0,"8":0,"9":0,"10":0,"11":0,"12":0,"13":0},"f":{"0":0,"1":0,"2":0,"3":0,"4":0},"b":{"0":[0,0]}}
,"/home/akshayaparida/portfolio/src/app/os/layout.tsx": {"path":"/home/akshayaparida/portfolio/src/app/os/layout.tsx","statementMap":{"0":{"start":{"line":10,"column":24},"end":{"line":10,"column":33}},"1":{"start":{"line":3,"column":27},"end":{"line":3,"column":null}},"2":{"start":{"line":4,"column":26},"end":{"line":4,"column":null}},"3":{"start":{"line":5,"column":25},"end":{"line":5,"column":null}},"4":{"start":{"line":6,"column":26},"end":{"line":6,"column":null}},"5":{"start":{"line":7,"column":24},"end":{"line":7,"column":null}},"6":{"start":{"line":8,"column":7},"end":{"line":8,"column":null}}},"fnMap":{"0":{"name":"OSLayout","decl":{"start":{"line":10,"column":24},"end":{"line":10,"column":33}},"loc":{"start":{"line":10,"column":76},"end":{"line":50,"column":null}}}},"branchMap":{},"s":{"0":0,"1":0,"2":0,"3":0,"4":0,"5":0,"6":0},"f":{"0":0},"b":{}}
,"/home/akshayaparida/portfolio/src/app/os/page.tsx": {"path":"/home/akshayaparida/portfolio/src/app/os/page.tsx","statementMap":{"0":{"start":{"line":3,"column":24},"end":{"line":3,"column":null}},"1":{"start":{"line":1,"column":25},"end":{"line":1,"column":null}},"2":{"start":{"line":4,"column":2},"end":{"line":4,"column":null}}},"fnMap":{"0":{"name":"OSPage","decl":{"start":{"line":3,"column":24},"end":{"line":3,"column":null}},"loc":{"start":{"line":3,"column":24},"end":{"line":5,"column":null}}}},"branchMap":{},"s":{"0":0,"1":0,"2":0},"f":{"0":0},"b":{}}
,"/home/akshayaparida/portfolio/src/app/os/[moduleId]/page.tsx": {"path":"/home/akshayaparida/portfolio/src/app/os/[moduleId]/page.tsx","statementMap":{"0":{"start":{"line":11,"column":30},"end":{"line":11,"column":43}},"1":{"start":{"line":5,"column":16},"end":{"line":5,"column":null}},"2":{"start":{"line":1,"column":25},"end":{"line":1,"column":null}},"3":{"start":{"line":2,"column":26},"end":{"line":2,"column":null}},"4":{"start":{"line":3,"column":25},"end":{"line":3,"column":null}},"5":{"start":{"line":6,"column":2},"end":{"line":8,"column":null}},"6":{"start":{"line":6,"column":36},"end":{"line":8,"column":null}},"7":{"start":{"line":16,"column":23},"end":{"line":16,"column":null}},"8":{"start":{"line":17,"column":24},"end":{"line":17,"column":null}},"9":{"start":{"line":17,"column":46},"end":{"line":17,"column":null}},"10":{"start":{"line":19,"column":2},"end":{"line":21,"column":null}},"11":{"start":{"line":20,"column":4},"end":{"line":20,"column":null}},"12":{"start":{"line":23,"column":16},"end":{"line":23,"column":null}},"13":{"start":{"line":23,"column":43},"end":{"line":23,"column":null}}},"fnMap":{"0":{"name":"generateStaticParams","decl":{"start":{"line":5,"column":16},"end":{"line":5,"column":null}},"loc":{"start":{"line":5,"column":16},"end":{"line":9,"column":null}}},"1":{"name":"(anonymous_5)","decl":{"start":{"line":6,"column":23},"end":{"line":6,"column":24}},"loc":{"start":{"line":6,"column":36},"end":{"line":8,"column":null}}},"2":{"name":"OSModulePage","decl":{"start":{"line":11,"column":30},"end":{"line":11,"column":43}},"loc":{"start":{"line":15,"column":1},"end":{"line":26,"column":null}}},"3":{"name":"(anonymous_7)","decl":{"start":{"line":17,"column":39},"end":{"line":17,"column":40}},"loc":{"start":{"line":17,"column":46},"end":{"line":17,"column":null}}},"4":{"name":"(anonymous_8)","decl":{"start":{"line":23,"column":36},"end":{"line":23,"column":37}},"loc":{"start":{"line":23,"column":43},"end":{"line":23,"column":null}}}},"branchMap":{"0":{"loc":{"start":{"line":19,"column":2},"end":{"line":21,"column":null}},"type":"if","locations":[{"start":{"line":19,"column":2},"end":{"line":21,"column":null}},{"start":{},"end":{}}]}},"s":{"0":0,"1":0,"2":0,"3":0,"4":0,"5":0,"6":0,"7":0,"8":0,"9":0,"10":0,"11":0,"12":0,"13":0},"f":{"0":0,"1":0,"2":0,"3":0,"4":0},"b":{"0":[0,0]}}
,"/home/akshayaparida/portfolio/src/app/reasoning/layout.tsx": {"path":"/home/akshayaparida/portfolio/src/app/reasoning/layout.tsx","statementMap":{"0":{"start":{"line":10,"column":24},"end":{"line":10,"column":40}},"1":{"start":{"line":3,"column":27},"end":{"line":3,"column":null}},"2":{"start":{"line":4,"column":26},"end":{"line":4,"column":null}},"3":{"start":{"line":5,"column":32},"end":{"line":5,"column":null}},"4":{"start":{"line":6,"column":33},"end":{"line":6,"column":null}},"5":{"start":{"line":7,"column":24},"end":{"line":7,"column":null}},"6":{"start":{"line":8,"column":7},"end":{"line":8,"column":null}}},"fnMap":{"0":{"name":"ReasoningLayout","decl":{"start":{"line":10,"column":24},"end":{"line":10,"column":40}},"loc":{"start":{"line":14,"column":1},"end":{"line":56,"column":null}}}},"branchMap":{},"s":{"0":0,"1":0,"2":0,"3":0,"4":0,"5":0,"6":0},"f":{"0":0},"b":{}}
,"/home/akshayaparida/portfolio/src/app/reasoning/page.tsx": {"path":"/home/akshayaparida/portfolio/src/app/reasoning/page.tsx","statementMap":{"0":{"start":{"line":3,"column":24},"end":{"line":3,"column":null}},"1":{"start":{"line":1,"column":25},"end":{"line":1,"column":null}},"2":{"start":{"line":4,"column":2},"end":{"line":4,"column":null}}},"fnMap":{"0":{"name":"ReasoningPage","decl":{"start":{"line":3,"column":24},"end":{"line":3,"column":null}},"loc":{"start":{"line":3,"column":24},"end":{"line":5,"column":null}}}},"branchMap":{},"s":{"0":0,"1":0,"2":0},"f":{"0":0},"b":{}}
,"/home/akshayaparida/portfolio/src/app/reasoning/[moduleId]/page.tsx": {"path":"/home/akshayaparida/portfolio/src/app/reasoning/[moduleId]/page.tsx","statementMap":{"0":{"start":{"line":11,"column":30},"end":{"line":11,"column":50}},"1":{"start":{"line":5,"column":16},"end":{"line":5,"column":null}},"2":{"start":{"line":1,"column":25},"end":{"line":1,"column":null}},"3":{"start":{"line":2,"column":33},"end":{"line":2,"column":null}},"4":{"start":{"line":3,"column":25},"end":{"line":3,"column":null}},"5":{"start":{"line":6,"column":2},"end":{"line":8,"column":null}},"6":{"start":{"line":6,"column":43},"end":{"line":8,"column":null}},"7":{"start":{"line":16,"column":23},"end":{"line":16,"column":null}},"8":{"start":{"line":17,"column":24},"end":{"line":17,"column":null}},"9":{"start":{"line":17,"column":53},"end":{"line":17,"column":null}},"10":{"start":{"line":19,"column":2},"end":{"line":21,"column":null}},"11":{"start":{"line":20,"column":4},"end":{"line":20,"column":null}},"12":{"start":{"line":23,"column":16},"end":{"line":23,"column":null}},"13":{"start":{"line":23,"column":50},"end":{"line":23,"column":null}}},"fnMap":{"0":{"name":"generateStaticParams","decl":{"start":{"line":5,"column":16},"end":{"line":5,"column":null}},"loc":{"start":{"line":5,"column":16},"end":{"line":9,"column":null}}},"1":{"name":"(anonymous_5)","decl":{"start":{"line":6,"column":30},"end":{"line":6,"column":31}},"loc":{"start":{"line":6,"column":43},"end":{"line":8,"column":null}}},"2":{"name":"ReasoningModulePage","decl":{"start":{"line":11,"column":30},"end":{"line":11,"column":50}},"loc":{"start":{"line":15,"column":1},"end":{"line":26,"column":null}}},"3":{"name":"(anonymous_7)","decl":{"start":{"line":17,"column":46},"end":{"line":17,"column":47}},"loc":{"start":{"line":17,"column":53},"end":{"line":17,"column":null}}},"4":{"name":"(anonymous_8)","decl":{"start":{"line":23,"column":43},"end":{"line":23,"column":44}},"loc":{"start":{"line":23,"column":50},"end":{"line":23,"column":null}}}},"branchMap":{"0":{"loc":{"start":{"line":19,"column":2},"end":{"line":21,"column":null}},"type":"if","locations":[{"start":{"line":19,"column":2},"end":{"line":21,"column":null}},{"start":{},"end":{}}]}},"s":{"0":0,"1":0,"2":0,"3":0,"4":0,"5":0,"6":0,"7":0,"8":0,"9":0,"10":0,"11":0,"12":0,"13":0},"f":{"0":0,"1":0,"2":0,"3":0,"4":0},"b":{"0":[0,0]}}
,"/home/akshayaparida/portfolio/src/components/AWSModuleIcon.tsx": {"path":"/home/akshayaparida/portfolio/src/components/AWSModuleIcon.tsx","statementMap":{"0":{"start":{"line":8,"column":24},"end":{"line":8,"column":38}},"1":{"start":{"line":1,"column":18},"end":{"line":1,"column":null}},"2":{"start":{"line":12,"column":20},"end":{"line":20,"column":null}},"3":{"start":{"line":22,"column":2},"end":{"line":50,"column":null}}},"fnMap":{"0":{"name":"AWSModuleIcon","decl":{"start":{"line":8,"column":24},"end":{"line":8,"column":38}},"loc":{"start":{"line":11,"column":21},"end":{"line":51,"column":null}}}},"branchMap":{},"s":{"0":0,"1":0,"2":0,"3":0},"f":{"0":0},"b":{}}
,"/home/akshayaparida/portfolio/src/components/BlogPageHeader.tsx": {"path":"/home/akshayaparida/portfolio/src/components/BlogPageHeader.tsx","statementMap":{"0":{"start":{"line":14,"column":24},"end":{"line":14,"column":39}},"1":{"start":{"line":1,"column":18},"end":{"line":1,"column":null}},"2":{"start":{"line":2,"column":17},"end":{"line":2,"column":null}}},"fnMap":{"0":{"name":"BlogPageHeader","decl":{"start":{"line":14,"column":24},"end":{"line":14,"column":39}},"loc":{"start":{"line":18,"column":22},"end":{"line":63,"column":null}}}},"branchMap":{"0":{"loc":{"start":{"line":17,"column":2},"end":{"line":17,"column":20}},"type":"default-arg","locations":[{"start":{"line":17,"column":14},"end":{"line":17,"column":20}}]}},"s":{"0":4,"1":1,"2":1},"f":{"0":4},"b":{"0":[3]}}
,"/home/akshayaparida/portfolio/src/components/CanonicalUrl.tsx": {"path":"/home/akshayaparida/portfolio/src/components/CanonicalUrl.tsx","statementMap":{"0":{"start":{"line":6,"column":24},"end":{"line":6,"column":null}},"1":{"start":{"line":3,"column":28},"end":{"line":3,"column":null}},"2":{"start":{"line":4,"column":26},"end":{"line":4,"column":null}},"3":{"start":{"line":7,"column":19},"end":{"line":7,"column":null}},"4":{"start":{"line":8,"column":18},"end":{"line":8,"column":null}},"5":{"start":{"line":10,"column":2},"end":{"line":30,"column":null}},"6":{"start":{"line":12,"column":25},"end":{"line":12,"column":null}},"7":{"start":{"line":13,"column":4},"end":{"line":15,"column":null}},"8":{"start":{"line":14,"column":6},"end":{"line":14,"column":null}},"9":{"start":{"line":18,"column":25},"end":{"line":18,"column":48}},"10":{"start":{"line":19,"column":17},"end":{"line":19,"column":null}},"11":{"start":{"line":20,"column":4},"end":{"line":20,"column":null}},"12":{"start":{"line":21,"column":4},"end":{"line":21,"column":null}},"13":{"start":{"line":22,"column":4},"end":{"line":22,"column":null}},"14":{"start":{"line":25,"column":4},"end":{"line":29,"column":null}},"15":{"start":{"line":26,"column":6},"end":{"line":28,"column":null}},"16":{"start":{"line":27,"column":8},"end":{"line":27,"column":null}},"17":{"start":{"line":32,"column":2},"end":{"line":32,"column":null}}},"fnMap":{"0":{"name":"CanonicalUrl","decl":{"start":{"line":6,"column":24},"end":{"line":6,"column":null}},"loc":{"start":{"line":6,"column":24},"end":{"line":33,"column":null}}},"1":{"name":"(anonymous_2)","decl":{"start":{"line":10,"column":12},"end":{"line":10,"column":null}},"loc":{"start":{"line":10,"column":12},"end":{"line":30,"column":5}}},"2":{"name":"(anonymous_3)","decl":{"start":{"line":25,"column":11},"end":{"line":25,"column":null}},"loc":{"start":{"line":25,"column":11},"end":{"line":29,"column":null}}}},"branchMap":{"0":{"loc":{"start":{"line":13,"column":4},"end":{"line":15,"column":null}},"type":"if","locations":[{"start":{"line":13,"column":4},"end":{"line":15,"column":null}},{"start":{},"end":{}}]},"1":{"loc":{"start":{"line":26,"column":6},"end":{"line":28,"column":null}},"type":"if","locations":[{"start":{"line":26,"column":6},"end":{"line":28,"column":null}},{"start":{},"end":{}}]}},"s":{"0":0,"1":0,"2":0,"3":0,"4":0,"5":0,"6":0,"7":0,"8":0,"9":0,"10":0,"11":0,"12":0,"13":0,"14":0,"15":0,"16":0,"17":0},"f":{"0":0,"1":0,"2":0},"b":{"0":[0,0],"1":[0,0]}}
,"/home/akshayaparida/portfolio/src/components/CodeBlock.tsx": {"path":"/home/akshayaparida/portfolio/src/components/CodeBlock.tsx","statementMap":{"0":{"start":{"line":112,"column":0},"end":{"line":112,"column":15}},"1":{"start":{"line":3,"column":25},"end":{"line":3,"column":null}},"2":{"start":{"line":12,"column":59},"end":{"line":110,"column":null}},"3":{"start":{"line":17,"column":30},"end":{"line":17,"column":null}},"4":{"start":{"line":19,"column":16},"end":{"line":19,"column":null}},"5":{"start":{"line":20,"column":19},"end":{"line":20,"column":null}},"6":{"start":{"line":23,"column":18},"end":{"line":23,"column":null}},"7":{"start":{"line":25,"column":2},"end":{"line":27,"column":null}},"8":{"start":{"line":30,"column":25},"end":{"line":43,"column":null}},"9":{"start":{"line":31,"column":4},"end":{"line":41,"column":null}},"10":{"start":{"line":32,"column":6},"end":{"line":32,"column":null}},"11":{"start":{"line":33,"column":11},"end":{"line":41,"column":null}},"12":{"start":{"line":34,"column":6},"end":{"line":34,"column":null}},"13":{"start":{"line":35,"column":11},"end":{"line":41,"column":null}},"14":{"start":{"line":37,"column":22},"end":{"line":37,"column":null}},"15":{"start":{"line":38,"column":6},"end":{"line":40,"column":null}},"16":{"start":{"line":39,"column":8},"end":{"line":39,"column":null}},"17":{"start":{"line":42,"column":4},"end":{"line":42,"column":null}},"18":{"start":{"line":45,"column":21},"end":{"line":45,"column":null}},"19":{"start":{"line":47,"column":21},"end":{"line":52,"column":null}},"20":{"start":{"line":48,"column":4},"end":{"line":51,"column":null}},"21":{"start":{"line":49,"column":6},"end":{"line":49,"column":null}},"22":{"start":{"line":50,"column":6},"end":{"line":50,"column":48}},"23":{"start":{"line":50,"column":23},"end":{"line":50,"column":41}},"24":{"start":{"line":112,"column":15},"end":{"line":112,"column":null}}},"fnMap":{"0":{"name":"(anonymous_2)","decl":{"start":{"line":12,"column":59},"end":{"line":12,"column":60}},"loc":{"start":{"line":16,"column":1},"end":{"line":110,"column":null}}},"1":{"name":"(anonymous_3)","decl":{"start":{"line":30,"column":25},"end":{"line":30,"column":26}},"loc":{"start":{"line":30,"column":26},"end":{"line":43,"column":null}}},"2":{"name":"(anonymous_4)","decl":{"start":{"line":47,"column":21},"end":{"line":47,"column":null}},"loc":{"start":{"line":47,"column":21},"end":{"line":52,"column":null}}},"3":{"name":"(anonymous_5)","decl":{"start":{"line":48,"column":51},"end":{"line":48,"column":null}},"loc":{"start":{"line":48,"column":51},"end":{"line":51,"column":null}}},"4":{"name":"(anonymous_6)","decl":{"start":{"line":50,"column":17},"end":{"line":50,"column":23}},"loc":{"start":{"line":50,"column":23},"end":{"line":50,"column":41}}}},"branchMap":{"0":{"loc":{"start":{"line":19,"column":38},"end":{"line":19,"column":null}},"type":"binary-expr","locations":[{"start":{"line":19,"column":38},"end":{"line":19,"column":51}},{"start":{"line":19,"column":51},"end":{"line":19,"column":null}}]},"1":{"loc":{"start":{"line":20,"column":19},"end":{"line":20,"column":null}},"type":"binary-expr","locations":[{"start":{"line":20,"column":19},"end":{"line":20,"column":29}},{"start":{"line":20,"column":33},"end":{"line":20,"column":null}}]},"2":{"loc":{"start":{"line":23,"column":18},"end":{"line":23,"column":null}},"type":"cond-expr","locations":[{"start":{"line":23,"column":41},"end":{"line":23,"column":51}},{"start":{"line":23,"column":51},"end":{"line":23,"column":null}}]},"3":{"loc":{"start":{"line":25,"column":2},"end":{"line":27,"column":null}},"type":"if","locations":[{"start":{"line":25,"column":2},"end":{"line":27,"column":null}},{"start":{},"end":{}}]},"4":{"loc":{"start":{"line":31,"column":4},"end":{"line":41,"column":null}},"type":"if","locations":[{"start":{"line":31,"column":4},"end":{"line":41,"column":null}},{"start":{"line":33,"column":11},"end":{"line":41,"column":null}}]},"5":{"loc":{"start":{"line":33,"column":11},"end":{"line":41,"column":null}},"type":"if","locations":[{"start":{"line":33,"column":11},"end":{"line":41,"column":null}},{"start":{"line":35,"column":11},"end":{"line":41,"column":null}}]},"6":{"loc":{"start":{"line":35,"column":11},"end":{"line":41,"column":null}},"type":"if","locations":[{"start":{"line":35,"column":11},"end":{"line":41,"column":null}},{"start":{},"end":{}}]},"7":{"loc":{"start":{"line":35,"column":15},"end":{"line":35,"column":51}},"type":"binary-expr","locations":[{"start":{"line":35,"column":15},"end":{"line":35,"column":24}},{"start":{"line":35,"column":24},"end":{"line":35,"column":51}}]},"8":{"loc":{"start":{"line":38,"column":6},"end":{"line":40,"column":null}},"type":"if","locations":[{"start":{"line":38,"column":6},"end":{"line":40,"column":null}},{"start":{},"end":{}}]},"9":{"loc":{"start":{"line":63,"column":11},"end":{"line":63,"column":null}},"type":"cond-expr","locations":[{"start":{"line":63,"column":20},"end":{"line":63,"column":32}},{"start":{"line":63,"column":32},"end":{"line":63,"column":null}}]},"10":{"loc":{"start":{"line":66,"column":22},"end":{"line":66,"column":null}},"type":"binary-expr","locations":[{"start":{"line":66,"column":22},"end":{"line":66,"column":null}},{"start":{"line":66,"column":22},"end":{"line":66,"column":null}}]},"11":{"loc":{"start":{"line":67,"column":25},"end":{"line":67,"column":37}},"type":"binary-expr","locations":[{"start":{"line":67,"column":25},"end":{"line":67,"column":37}},{"start":{"line":67,"column":25},"end":{"line":67,"column":37}}]}},"s":{"0":4,"1":1,"2":1,"3":7,"4":7,"5":7,"6":7,"7":7,"8":7,"9":7,"10":7,"11":0,"12":0,"13":0,"14":0,"15":0,"16":0,"17":0,"18":7,"19":7,"20":2,"21":2,"22":2,"23":1,"24":1},"f":{"0":7,"1":7,"2":2,"3":2,"4":1},"b":{"0":[7,0],"1":[7,0],"2":[0,7],"3":[0,7],"4":[7,0],"5":[0,0],"6":[0,0],"7":[0,0],"8":[0,0],"9":[2,5],"10":[7,0],"11":[7,0]}}
,"/home/akshayaparida/portfolio/src/components/ConnectCard.tsx": {"path":"/home/akshayaparida/portfolio/src/components/ConnectCard.tsx","statementMap":{"0":{"start":{"line":5,"column":24},"end":{"line":5,"column":36}}},"fnMap":{"0":{"name":"ConnectCard","decl":{"start":{"line":5,"column":24},"end":{"line":5,"column":36}},"loc":{"start":{"line":7,"column":19},"end":{"line":21,"column":null}}}},"branchMap":{"0":{"loc":{"start":{"line":6,"column":2},"end":{"line":6,"column":39}},"type":"default-arg","locations":[{"start":{"line":6,"column":10},"end":{"line":6,"column":39}}]}},"s":{"0":0},"f":{"0":0},"b":{"0":[0]}}
,"/home/akshayaparida/portfolio/src/components/CursorEffect.tsx": {"path":"/home/akshayaparida/portfolio/src/components/CursorEffect.tsx","statementMap":{"0":{"start":{"line":5,"column":24},"end":{"line":5,"column":null}},"1":{"start":{"line":3,"column":26},"end":{"line":3,"column":null}},"2":{"start":{"line":6,"column":2},"end":{"line":36,"column":null}},"3":{"start":{"line":7,"column":22},"end":{"line":7,"column":null}},"4":{"start":{"line":8,"column":24},"end":{"line":8,"column":null}},"5":{"start":{"line":10,"column":28},"end":{"line":29,"column":null}},"6":{"start":{"line":11,"column":26},"end":{"line":11,"column":null}},"7":{"start":{"line":13,"column":6},"end":{"line":15,"column":null}},"8":{"start":{"line":14,"column":8},"end":{"line":14,"column":null}},"9":{"start":{"line":17,"column":6},"end":{"line":17,"column":null}},"10":{"start":{"line":19,"column":18},"end":{"line":19,"column":null}},"11":{"start":{"line":20,"column":6},"end":{"line":20,"column":null}},"12":{"start":{"line":21,"column":6},"end":{"line":21,"column":null}},"13":{"start":{"line":22,"column":6},"end":{"line":22,"column":null}},"14":{"start":{"line":24,"column":6},"end":{"line":24,"column":null}},"15":{"start":{"line":26,"column":6},"end":{"line":28,"column":null}},"16":{"start":{"line":27,"column":8},"end":{"line":27,"column":null}},"17":{"start":{"line":31,"column":4},"end":{"line":31,"column":null}},"18":{"start":{"line":33,"column":4},"end":{"line":35,"column":null}},"19":{"start":{"line":34,"column":6},"end":{"line":34,"column":null}},"20":{"start":{"line":38,"column":2},"end":{"line":38,"column":null}}},"fnMap":{"0":{"name":"CursorEffect","decl":{"start":{"line":5,"column":24},"end":{"line":5,"column":null}},"loc":{"start":{"line":5,"column":24},"end":{"line":39,"column":null}}},"1":{"name":"(anonymous_2)","decl":{"start":{"line":6,"column":12},"end":{"line":6,"column":null}},"loc":{"start":{"line":6,"column":12},"end":{"line":36,"column":5}}},"2":{"name":"(anonymous_3)","decl":{"start":{"line":10,"column":28},"end":{"line":10,"column":29}},"loc":{"start":{"line":10,"column":29},"end":{"line":29,"column":null}}},"3":{"name":"(anonymous_4)","decl":{"start":{"line":26,"column":17},"end":{"line":26,"column":null}},"loc":{"start":{"line":26,"column":17},"end":{"line":28,"column":9}}},"4":{"name":"(anonymous_5)","decl":{"start":{"line":33,"column":11},"end":{"line":33,"column":null}},"loc":{"start":{"line":33,"column":11},"end":{"line":35,"column":null}}}},"branchMap":{"0":{"loc":{"start":{"line":13,"column":6},"end":{"line":15,"column":null}},"type":"if","locations":[{"start":{"line":13,"column":6},"end":{"line":15,"column":null}},{"start":{},"end":{}}]}},"s":{"0":0,"1":0,"2":0,"3":0,"4":0,"5":0,"6":0,"7":0,"8":0,"9":0,"10":0,"11":0,"12":0,"13":0,"14":0,"15":0,"16":0,"17":0,"18":0,"19":0,"20":0},"f":{"0":0,"1":0,"2":0,"3":0,"4":0},"b":{"0":[0,0]}}
,"/home/akshayaparida/portfolio/src/components/DBMSModuleIcon.tsx": {"path":"/home/akshayaparida/portfolio/src/components/DBMSModuleIcon.tsx","statementMap":{"0":{"start":{"line":8,"column":24},"end":{"line":8,"column":39}},"1":{"start":{"line":1,"column":18},"end":{"line":1,"column":null}},"2":{"start":{"line":12,"column":20},"end":{"line":20,"column":null}},"3":{"start":{"line":22,"column":2},"end":{"line":68,"column":null}}},"fnMap":{"0":{"name":"DBMSModuleIcon","decl":{"start":{"line":8,"column":24},"end":{"line":8,"column":39}},"loc":{"start":{"line":11,"column":22},"end":{"line":69,"column":null}}}},"branchMap":{},"s":{"0":0,"1":0,"2":0,"3":0},"f":{"0":0},"b":{}}
,"/home/akshayaparida/portfolio/src/components/DSAModuleIcon.tsx": {"path":"/home/akshayaparida/portfolio/src/components/DSAModuleIcon.tsx","statementMap":{"0":{"start":{"line":12,"column":24},"end":{"line":12,"column":38}},"1":{"start":{"line":1,"column":18},"end":{"line":1,"column":null}},"2":{"start":{"line":16,"column":20},"end":{"line":24,"column":null}},"3":{"start":{"line":26,"column":2},"end":{"line":159,"column":null}}},"fnMap":{"0":{"name":"DSAModuleIcon","decl":{"start":{"line":12,"column":24},"end":{"line":12,"column":38}},"loc":{"start":{"line":15,"column":21},"end":{"line":160,"column":null}}}},"branchMap":{},"s":{"0":0,"1":0,"2":0,"3":0},"f":{"0":0},"b":{}}
,"/home/akshayaparida/portfolio/src/components/DigitalFundamentalsModuleIcon.tsx": {"path":"/home/akshayaparida/portfolio/src/components/DigitalFundamentalsModuleIcon.tsx","statementMap":{"0":{"start":{"line":8,"column":24},"end":{"line":8,"column":54}},"1":{"start":{"line":1,"column":18},"end":{"line":1,"column":null}},"2":{"start":{"line":12,"column":20},"end":{"line":20,"column":null}},"3":{"start":{"line":22,"column":2},"end":{"line":43,"column":null}}},"fnMap":{"0":{"name":"DigitalFundamentalsModuleIcon","decl":{"start":{"line":8,"column":24},"end":{"line":8,"column":54}},"loc":{"start":{"line":11,"column":37},"end":{"line":44,"column":null}}}},"branchMap":{},"s":{"0":0,"1":0,"2":0,"3":0},"f":{"0":0},"b":{}}
[...]
,"/home/akshayaparida/portfolio/src/data/dsa/05-trees.ts": {"path":"/home/akshayaparida/portfolio/src/data/dsa/05-trees.ts","statementMap":{"0":{"start":{"line":3,"column":13},"end":{"line":3,"column":43}},"1":{"start":{"line":3,"column":43},"end":{"line":441,"column":null}}},"fnMap":{},"branchMap":{},"s":{"0":0,"1":0},"f":{},"b":{}}
,"/home/akshayaparida/portfolio/src/data/dsa/06-heaps.ts": {"path":"/home/akshayaparida/portfolio/src/data/dsa/06-heaps.ts","statementMap":{"0":{"start":{"line":3,"column":13},"end":{"line":3,"column":43}},"1":{"start":{"line":3,"column":43},"end":{"line":368,"column":null}}},"fnMap":{},"branchMap":{},"s":{"0":0,"1":0},"f":{},"b":{}}
,"/home/akshayaparida/portfolio/src/data/dsa/07-graphs.ts": {"path":"/home/akshayaparida/portfolio/src/data/dsa/07-graphs.ts","statementMap":{"0":{"start":{"line":3,"column":13},"end":{"line":3,"column":44}},"1":{"start":{"line":3,"column":44},"end":{"line":400,"column":null}}},"fnMap":{},"branchMap":{},"s":{"0":0,"1":0},"f":{},"b":{}}
,"/home/akshayaparida/portfolio/src/data/dsa/08-searching-sorting.ts": {"path":"/home/akshayaparida/portfolio/src/data/dsa/08-searching-sorting.ts","statementMap":{"0":{"start":{"line":3,"column":13},"end":{"line":3,"column":54}},"1":{"start":{"line":3,"column":54},"end":{"line":456,"column":null}}},"fnMap":{},"branchMap":{},"s":{"0":0,"1":0},"f":{},"b":{}}
,"/home/akshayaparida/portfolio/src/data/dsa/09-advanced-algorithms.ts": {"path":"/home/akshayaparida/portfolio/src/data/dsa/09-advanced-algorithms.ts","statementMap":{"0":{"start":{"line":3,"column":13},"end":{"line":3,"column":56}},"1":{"start":{"line":3,"column":56},"end":{"line":651,"column":null}}},"fnMap":{},"branchMap":{},"s":{"0":0,"1":0},"f":{},"b":{}}
,"/home/akshayaparida/portfolio/src/data/dsa/10-trie-advanced-ds.ts": {"path":"/home/akshayaparida/portfolio/src/data/dsa/10-trie-advanced-ds.ts","statementMap":{"0":{"start":{"line":3,"column":13},"end":{"line":3,"column":52}},"1":{"start":{"line":3,"column":52},"end":{"line":399,"column":null}}},"fnMap":{},"branchMap":{},"s":{"0":0,"1":0},"f":{},"b":{}}
,"/home/akshayaparida/portfolio/src/data/dsa/index.ts": {"path":"/home/akshayaparida/portfolio/src/data/dsa/index.ts","statementMap":{"0":{"start":{"line":14,"column":13},"end":{"line":14,"column":26}},"1":{"start":{"line":1,"column":44},"end":{"line":1,"column":null}},"2":{"start":{"line":2,"column":37},"end":{"line":2,"column":null}},"3":{"start":{"line":3,"column":36},"end":{"line":3,"column":null}},"4":{"start":{"line":4,"column":34},"end":{"line":4,"column":null}},"5":{"start":{"line":5,"column":35},"end":{"line":5,"column":null}},"6":{"start":{"line":6,"column":30},"end":{"line":6,"column":null}},"7":{"start":{"line":7,"column":28},"end":{"line":7,"column":null}},"8":{"start":{"line":8,"column":28},"end":{"line":8,"column":null}},"9":{"start":{"line":9,"column":29},"end":{"line":9,"column":null}},"10":{"start":{"line":10,"column":39},"end":{"line":10,"column":null}},"11":{"start":{"line":11,"column":41},"end":{"line":11,"column":null}},"12":{"start":{"line":12,"column":37},"end":{"line":12,"column":null}},"13":{"start":{"line":14,"column":26},"end":{"line":27,"column":null}}},"fnMap":{},"branchMap":{},"s":{"0":0,"1":0,"2":0,"3":0,"4":0,"5":0,"6":0,"7":0,"8":0,"9":0,"10":0,"11":0,"12":0,"13":0},"f":{},"b":{}}
,"/home/akshayaparida/portfolio/src/data/mathematics/algebra.ts": {"path":"/home/akshayaparida/portfolio/src/data/mathematics/algebra.ts","statementMap":{"0":{"start":{"line":3,"column":13},"end":{"line":3,"column":45}},"1":{"start":{"line":3,"column":45},"end":{"line":594,"column":null}}},"fnMap":{},"branchMap":{},"s":{"0":1,"1":1},"f":{},"b":{}}
,"/home/akshayaparida/portfolio/src/data/mathematics/calculus.ts": {"path":"/home/akshayaparida/portfolio/src/data/mathematics/calculus.ts","statementMap":{"0":{"start":{"line":3,"column":13},"end":{"line":3,"column":46}},"1":{"start":{"line":3,"column":46},"end":{"line":1016,"column":null}}},"fnMap":{},"branchMap":{},"s":{"0":1,"1":1},"f":{},"b":{}}
,"/home/akshayaparida/portfolio/src/data/mathematics/coordinate-geometry.ts": {"path":"/home/akshayaparida/portfolio/src/data/mathematics/coordinate-geometry.ts","statementMap":{"0":{"start":{"line":3,"column":13},"end":{"line":3,"column":56}},"1":{"start":{"line":3,"column":56},"end":{"line":695,"column":null}}},"fnMap":{},"branchMap":{},"s":{"0":1,"1":1},"f":{},"b":{}}
,"/home/akshayaparida/portfolio/src/data/mathematics/linear-algebra.ts": {"path":"/home/akshayaparida/portfolio/src/data/mathematics/linear-algebra.ts","statementMap":{"0":{"start":{"line":3,"column":13},"end":{"line":3,"column":51}},"1":{"start":{"line":3,"column":51},"end":{"line":693,"column":null}}},"fnMap":{},"branchMap":{},"s":{"0":1,"1":1},"f":{},"b":{}}
,"/home/akshayaparida/portfolio/src/data/mathematics/linear-models.ts": {"path":"/home/akshayaparida/portfolio/src/data/mathematics/linear-models.ts","statementMap":{"0":{"start":{"line":3,"column":13},"end":{"line":3,"column":50}},"1":{"start":{"line":3,"column":50},"end":{"line":1087,"column":null}}},"fnMap":{},"branchMap":{},"s":{"0":1,"1":1},"f":{},"b":{}}
,"/home/akshayaparida/portfolio/src/data/mathematics/probability-stats.ts": {"path":"/home/akshayaparida/portfolio/src/data/mathematics/probability-stats.ts","statementMap":{"0":{"start":{"line":3,"column":13},"end":{"line":3,"column":54}},"1":{"start":{"line":3,"column":54},"end":{"line":942,"column":null}}},"fnMap":{},"branchMap":{},"s":{"0":1,"1":1},"f":{},"b":{}}
,"/home/akshayaparida/portfolio/src/data/mathematics/set-theory.ts": {"path":"/home/akshayaparida/portfolio/src/data/mathematics/set-theory.ts","statementMap":{"0":{"start":{"line":3,"column":13},"end":{"line":3,"column":47}},"1":{"start":{"line":3,"column":47},"end":{"line":964,"column":null}}},"fnMap":{},"branchMap":{},"s":{"0":1,"1":1},"f":{},"b":{}}
,"/home/akshayaparida/portfolio/src/data/mlops/data-exploration.ts": {"path":"/home/akshayaparida/portfolio/src/data/mlops/data-exploration.ts","statementMap":{"0":{"start":{"line":3,"column":13},"end":{"line":3,"column":53}},"1":{"start":{"line":3,"column":53},"end":{"line":951,"column":null}}},"fnMap":{},"branchMap":{},"s":{"0":0,"1":0},"f":{},"b":{}}
,"/home/akshayaparida/portfolio/src/data/mlops/data-validation.ts": {"path":"/home/akshayaparida/portfolio/src/data/mlops/data-validation.ts","statementMap":{"0":{"start":{"line":3,"column":13},"end":{"line":3,"column":52}},"1":{"start":{"line":3,"column":52},"end":{"line":541,"column":null}}},"fnMap":{},"branchMap":{},"s":{"0":0,"1":0},"f":{},"b":{}}
,"/home/akshayaparida/portfolio/src/data/mlops/index.ts": {"path":"/home/akshayaparida/portfolio/src/data/mlops/index.ts","statementMap":{"0":{"start":{"line":7,"column":13},"end":{"line":7,"column":46}},"1":{"start":{"line":2,"column":38},"end":{"line":2,"column":null}},"2":{"start":{"line":3,"column":37},"end":{"line":3,"column":null}},"3":{"start":{"line":4,"column":43},"end":{"line":4,"column":null}},"4":{"start":{"line":5,"column":38},"end":{"line":5,"column":null}},"5":{"start":{"line":7,"column":46},"end":{"line":14,"column":null}}},"fnMap":{},"branchMap":{},"s":{"0":0,"1":0,"2":0,"3":0,"4":0,"5":0},"f":{},"b":{}}
,"/home/akshayaparida/portfolio/src/data/mlops/model-deployment.ts": {"path":"/home/akshayaparida/portfolio/src/data/mlops/model-deployment.ts","statementMap":{"0":{"start":{"line":3,"column":13},"end":{"line":3,"column":53}},"1":{"start":{"line":3,"column":53},"end":{"line":758,"column":null}}},"fnMap":{},"branchMap":{},"s":{"0":0,"1":0},"f":{},"b":{}}
,"/home/akshayaparida/portfolio/src/data/mlops/reproducible-training.ts": {"path":"/home/akshayaparida/portfolio/src/data/mlops/reproducible-training.ts","statementMap":{"0":{"start":{"line":3,"column":13},"end":{"line":3,"column":58}},"1":{"start":{"line":3,"column":58},"end":{"line":688,"column":null}}},"fnMap":{},"branchMap":{},"s":{"0":0,"1":0},"f":{},"b":{}}
,"/home/akshayaparida/portfolio/src/data/mlops/test-import.ts": {"path":"/home/akshayaparida/portfolio/src/data/mlops/test-import.ts","statementMap":{"0":{"start":{"line":1,"column":29},"end":{"line":1,"column":null}},"1":{"start":{"line":3,"column":0},"end":{"line":3,"column":null}},"2":{"start":{"line":4,"column":0},"end":{"line":6,"column":null}},"3":{"start":{"line":5,"column":2},"end":{"line":5,"column":null}}},"fnMap":{"0":{"name":"(anonymous_0)","decl":{"start":{"line":4,"column":21},"end":{"line":4,"column":22}},"loc":{"start":{"line":4,"column":25},"end":{"line":6,"column":null}}}},"branchMap":{},"s":{"0":0,"1":0,"2":0,"3":0},"f":{"0":0},"b":{}}
,"/home/akshayaparida/portfolio/src/data/networks/01-network-basics.ts": {"path":"/home/akshayaparida/portfolio/src/data/networks/01-network-basics.ts","statementMap":{"0":{"start":{"line":3,"column":13},"end":{"line":3,"column":51}},"1":{"start":{"line":3,"column":51},"end":{"line":264,"column":null}}},"fnMap":{},"branchMap":{},"s":{"0":0,"1":0},"f":{},"b":{}}
,"/home/akshayaparida/portfolio/src/data/networks/02-data-link-layer.ts": {"path":"/home/akshayaparida/portfolio/src/data/networks/02-data-link-layer.ts","statementMap":{"0":{"start":{"line":3,"column":13},"end":{"line":3,"column":51}},"1":{"start":{"line":3,"column":51},"end":{"line":353,"column":null}}},"fnMap":{},"branchMap":{},"s":{"0":0,"1":0},"f":{},"b":{}}
,"/home/akshayaparida/portfolio/src/data/networks/03-network-layer.ts": {"path":"/home/akshayaparida/portfolio/src/data/networks/03-network-layer.ts","statementMap":{"0":{"start":{"line":3,"column":13},"end":{"line":3,"column":50}},"1":{"start":{"line":3,"column":50},"end":{"line":322,"column":null}}},"fnMap":{},"branchMap":{},"s":{"0":0,"1":0},"f":{},"b":{}}
,"/home/akshayaparida/portfolio/src/data/networks/04-transport-layer.ts": {"path":"/home/akshayaparida/portfolio/src/data/networks/04-transport-layer.ts","statementMap":{"0":{"start":{"line":3,"column":13},"end":{"line":3,"column":52}},"1":{"start":{"line":3,"column":52},"end":{"line":368,"column":null}}},"fnMap":{},"branchMap":{},"s":{"0":0,"1":0},"f":{},"b":{}}
,"/home/akshayaparida/portfolio/src/data/networks/05-application-layer.ts": {"path":"/home/akshayaparida/portfolio/src/data/networks/05-application-layer.ts","statementMap":{"0":{"start":{"line":3,"column":13},"end":{"line":3,"column":54}},"1":{"start":{"line":3,"column":54},"end":{"line":365,"column":null}}},"fnMap":{},"branchMap":{},"s":{"0":0,"1":0},"f":{},"b":{}}
,"/home/akshayaparida/portfolio/src/data/networks/index.ts": {"path":"/home/akshayaparida/portfolio/src/data/networks/index.ts","statementMap":{"0":{"start":{"line":7,"column":13},"end":{"line":7,"column":31}},"1":{"start":{"line":1,"column":36},"end":{"line":1,"column":null}},"2":{"start":{"line":2,"column":36},"end":{"line":2,"column":null}},"3":{"start":{"line":3,"column":35},"end":{"line":3,"column":null}},"4":{"start":{"line":4,"column":37},"end":{"line":4,"column":null}},"5":{"start":{"line":5,"column":39},"end":{"line":5,"column":null}},"6":{"start":{"line":7,"column":31},"end":{"line":13,"column":null}}},"fnMap":{},"branchMap":{},"s":{"0":0,"1":0,"2":0,"3":0,"4":0,"5":0,"6":0},"f":{},"b":{}}
,"/home/akshayaparida/portfolio/src/data/os/01-process-management.ts": {"path":"/home/akshayaparida/portfolio/src/data/os/01-process-management.ts","statementMap":{"0":{"start":{"line":3,"column":13},"end":{"line":3,"column":55}},"1":{"start":{"line":3,"column":55},"end":{"line":347,"column":null}}},"fnMap":{},"branchMap":{},"s":{"0":0,"1":0},"f":{},"b":{}}
,"/home/akshayaparida/portfolio/src/data/os/02-synchronization-deadlocks.ts": {"path":"/home/akshayaparida/portfolio/src/data/os/02-synchronization-deadlocks.ts","statementMap":{"0":{"start":{"line":3,"column":13},"end":{"line":3,"column":62}},"1":{"start":{"line":3,"column":62},"end":{"line":366,"column":null}}},"fnMap":{},"branchMap":{},"s":{"0":0,"1":0},"f":{},"b":{}}
,"/home/akshayaparida/portfolio/src/data/os/03-memory-management.ts": {"path":"/home/akshayaparida/portfolio/src/data/os/03-memory-management.ts","statementMap":{"0":{"start":{"line":3,"column":13},"end":{"line":3,"column":54}},"1":{"start":{"line":3,"column":54},"end":{"line":387,"column":null}}},"fnMap":{},"branchMap":{},"s":{"0":0,"1":0},"f":{},"b":{}}
,"/home/akshayaparida/portfolio/src/data/os/04-disk-file-systems.ts": {"path":"/home/akshayaparida/portfolio/src/data/os/04-disk-file-systems.ts","statementMap":{"0":{"start":{"line":3,"column":13},"end":{"line":3,"column":53}},"1":{"start":{"line":3,"column":53},"end":{"line":427,"column":null}}},"fnMap":{},"branchMap":{},"s":{"0":0,"1":0},"f":{},"b":{}}
,"/home/akshayaparida/portfolio/src/data/os/index.ts": {"path":"/home/akshayaparida/portfolio/src/data/os/index.ts","statementMap":{"0":{"start":{"line":6,"column":13},"end":{"line":6,"column":25}},"1":{"start":{"line":1,"column":40},"end":{"line":1,"column":null}},"2":{"start":{"line":2,"column":47},"end":{"line":2,"column":null}},"3":{"start":{"line":3,"column":39},"end":{"line":3,"column":null}},"4":{"start":{"line":4,"column":38},"end":{"line":4,"column":null}},"5":{"start":{"line":6,"column":25},"end":{"line":11,"column":null}}},"fnMap":{},"branchMap":{},"s":{"0":0,"1":0,"2":0,"3":0,"4":0,"5":0},"f":{},"b":{}}
,"/home/akshayaparida/portfolio/src/data/reasoning/01-number-series.ts": {"path":"/home/akshayaparida/portfolio/src/data/reasoning/01-number-series.ts","statementMap":{"0":{"start":{"line":3,"column":13},"end":{"line":3,"column":50}},"1":{"start":{"line":3,"column":50},"end":{"line":237,"column":null}}},"fnMap":{},"branchMap":{},"s":{"0":0,"1":0},"f":{},"b":{}}
,"/home/akshayaparida/portfolio/src/data/reasoning/02-coding-decoding.ts": {"path":"/home/akshayaparida/portfolio/src/data/reasoning/02-coding-decoding.ts","statementMap":{"0":{"start":{"line":3,"column":13},"end":{"line":3,"column":52}},"1":{"start":{"line":3,"column":52},"end":{"line":242,"column":null}}},"fnMap":{},"branchMap":{},"s":{"0":0,"1":0},"f":{},"b":{}}
,"/home/akshayaparida/portfolio/src/data/reasoning/03-analogies-classification.ts": {"path":"/home/akshayaparida/portfolio/src/data/reasoning/03-analogies-classification.ts","statementMap":{"0":{"start":{"line":3,"column":13},"end":{"line":3,"column":61}},"1":{"start":{"line":3,"column":61},"end":{"line":207,"column":null}}},"fnMap":{},"branchMap":{},"s":{"0":0,"1":0},"f":{},"b":{}}
,"/home/akshayaparida/portfolio/src/data/reasoning/04-syllogisms.ts": {"path":"/home/akshayaparida/portfolio/src/data/reasoning/04-syllogisms.ts","statementMap":{"0":{"start":{"line":3,"column":13},"end":{"line":3,"column":48}},"1":{"start":{"line":3,"column":48},"end":{"line":274,"column":null}}},"fnMap":{},"branchMap":{},"s":{"0":0,"1":0},"f":{},"b":{}}
,"/home/akshayaparida/portfolio/src/data/reasoning/05-blood-relations-directions.ts": {"path":"/home/akshayaparida/portfolio/src/data/reasoning/05-blood-relations-directions.ts","statementMap":{"0":{"start":{"line":3,"column":13},"end":{"line":3,"column":62}},"1":{"start":{"line":3,"column":62},"end":{"line":269,"column":null}}},"fnMap":{},"branchMap":{},"s":{"0":0,"1":0},"f":{},"b":{}}
,"/home/akshayaparida/portfolio/src/data/reasoning/06-number-systems.ts": {"path":"/home/akshayaparida/portfolio/src/data/reasoning/06-number-systems.ts","statementMap":{"0":{"start":{"line":3,"column":13},"end":{"line":3,"column":51}},"1":{"start":{"line":3,"column":51},"end":{"line":268,"column":null}}},"fnMap":{},"branchMap":{},"s":{"0":0,"1":0},"f":{},"b":{}}
,"/home/akshayaparida/portfolio/src/data/reasoning/07-logic-gates-boolean.ts": {"path":"/home/akshayaparida/portfolio/src/data/reasoning/07-logic-gates-boolean.ts","statementMap":{"0":{"start":{"line":3,"column":13},"end":{"line":3,"column":55}},"1":{"start":{"line":3,"column":55},"end":{"line":311,"column":null}}},"fnMap":{},"branchMap":{},"s":{"0":0,"1":0},"f":{},"b":{}}
,"/home/akshayaparida/portfolio/src/data/reasoning/index.ts": {"path":"/home/akshayaparida/portfolio/src/data/reasoning/index.ts","statementMap":{"0":{"start":{"line":7,"column":13},"end":{"line":7,"column":32}},"1":{"start":{"line":1,"column":35},"end":{"line":1,"column":null}},"2":{"start":{"line":2,"column":37},"end":{"line":2,"column":null}},"3":{"start":{"line":3,"column":46},"end":{"line":3,"column":null}},"4":{"start":{"line":4,"column":33},"end":{"line":4,"column":null}},"5":{"start":{"line":5,"column":47},"end":{"line":5,"column":null}},"6":{"start":{"line":7,"column":32},"end":{"line":13,"column":null}}},"fnMap":{},"branchMap":{},"s":{"0":0,"1":0,"2":0,"3":0,"4":0,"5":0,"6":0},"f":{},"b":{}}
,"/home/akshayaparida/portfolio/src/lib/git-info.ts": {"path":"/home/akshayaparida/portfolio/src/lib/git-info.ts","statementMap":{"0":{"start":{"line":9,"column":16},"end":{"line":9,"column":null}},"1":{"start":{"line":1,"column":25},"end":{"line":1,"column":null}},"2":{"start":{"line":10,"column":2},"end":{"line":27,"column":null}},"3":{"start":{"line":11,"column":23},"end":{"line":11,"column":null}},"4":{"start":{"line":12,"column":23},"end":{"line":12,"column":null}},"5":{"start":{"line":13,"column":22},"end":{"line":13,"column":87}},"6":{"start":{"line":15,"column":4},"end":{"line":19,"column":null}},"7":{"start":{"line":22,"column":4},"end":{"line":26,"column":null}}},"fnMap":{"0":{"name":"getGitInfo","decl":{"start":{"line":9,"column":16},"end":{"line":9,"column":null}},"loc":{"start":{"line":9,"column":16},"end":{"line":28,"column":null}}}},"branchMap":{},"s":{"0":0,"1":0,"2":0,"3":0,"4":0,"5":0,"6":0,"7":0},"f":{"0":0},"b":{}}
,"/home/akshayaparida/portfolio/src/types/mathematics.ts": {"path":"/home/akshayaparida/portfolio/src/types/mathematics.ts","statementMap":{"0":{"start":{"line":14,"column":13},"end":{"line":14,"column":55}},"1":{"start":{"line":14,"column":55},"end":{"line":55,"column":null}}},"fnMap":{},"branchMap":{},"s":{"0":0,"1":0},"f":{},"b":{}}
,"/home/akshayaparida/portfolio/src/utils/imageOptimizer.ts": {"path":"/home/akshayaparida/portfolio/src/utils/imageOptimizer.ts","statementMap":{"0":{"start":{"line":43,"column":16},"end":{"line":43,"column":37}},"1":{"start":{"line":12,"column":16},"end":{"line":12,"column":35}},"2":{"start":{"line":20,"column":23},"end":{"line":20,"column":null}},"3":{"start":{"line":23,"column":46},"end":{"line":33,"column":null}},"4":{"start":{"line":35,"column":2},"end":{"line":35,"column":null}},"5":{"start":{"line":46,"column":2},"end":{"line":46,"column":null}}},"fnMap":{"0":{"name":"optimizeImageProps","decl":{"start":{"line":12,"column":16},"end":{"line":12,"column":35}},"loc":{"start":{"line":18,"column":84},"end":{"line":36,"column":null}}},"1":{"name":"getOptimizedImageSrc","decl":{"start":{"line":43,"column":16},"end":{"line":43,"column":37}},"loc":{"start":{"line":43,"column":49},"end":{"line":47,"column":null}}}},"branchMap":{"0":{"loc":{"start":{"line":20,"column":23},"end":{"line":20,"column":null}},"type":"binary-expr","locations":[{"start":{"line":20,"column":23},"end":{"line":20,"column":37}},{"start":{"line":20,"column":37},"end":{"line":20,"column":null}}]},"1":{"loc":{"start":{"line":29,"column":14},"end":{"line":29,"column":null}},"type":"binary-expr","locations":[{"start":{"line":29,"column":14},"end":{"line":29,"column":28}},{"start":{"line":29,"column":32},"end":{"line":29,"column":null}}]}},"s":{"0":0,"1":0,"2":0,"3":0,"4":0,"5":0},"f":{"0":0,"1":0},"b":{"0":[0,0],"1":[0,0]}}
,"/home/akshayaparida/portfolio/src/utils/metadata.ts": {"path":"/home/akshayaparida/portfolio/src/utils/metadata.ts","statementMap":{"0":{"start":{"line":10,"column":16},"end":{"line":10,"column":46}},"1":{"start":{"line":11,"column":18},"end":{"line":11,"column":null}},"2":{"start":{"line":12,"column":18},"end":{"line":12,"column":41}},"3":{"start":{"line":14,"column":2},"end":{"line":32,"column":null}}},"fnMap":{"0":{"name":"generateMetadataWithCanonical","decl":{"start":{"line":10,"column":16},"end":{"line":10,"column":46}},"loc":{"start":{"line":10,"column":92},"end":{"line":33,"column":null}}}},"branchMap":{},"s":{"0":0,"1":0,"2":0,"3":0},"f":{"0":0},"b":{}}
}
