TN:
SF:src/__tests__/utils/accessibilityHelper.ts
FN:13,(anonymous_3)
FN:45,(anonymous_4)
FNF:2
FNH:2
FNDA:6,(anonymous_3)
FNDA:2,(anonymous_4)
DA:1,2
DA:4,2
DA:13,4
DA:20,6
DA:29,6
DA:35,6
DA:38,6
DA:45,2
DA:48,2
LF:9
LH:9
BRDA:31,0,0,6
BRDA:31,0,1,4
BRF:2
BRH:2
end_of_record
TN:
SF:src/app/layout.tsx
FN:99,RootLayout
FNF:1
FNH:0
FNDA:0,RootLayout
DA:2,0
DA:3,0
DA:4,0
DA:5,0
DA:6,0
DA:7,0
DA:9,0
DA:15,0
DA:21,0
DA:99,0
LF:10
LH:0
BRF:0
BRH:0
end_of_record
TN:
SF:src/app/page.tsx
FN:8,Home
FNF:1
FNH:0
FNDA:0,Home
DA:1,0
DA:2,0
DA:3,0
DA:4,0
DA:5,0
DA:6,0
DA:8,0
LF:7
LH:0
BRF:0
BRH:0
end_of_record
TN:
SF:src/app/robots.ts
FN:6,robots
FNF:1
FNH:0
FNDA:0,robots
DA:4,0
DA:6,0
DA:7,0
LF:3
LH:0
BRF:0
BRH:0
end_of_record
TN:
SF:src/app/sw.ts
FNF:0
FNH:0
DA:1,0
DA:3,0
DA:13,0
DA:21,0
LF:4
LH:0
BRF:0
BRH:0
end_of_record
TN:
SF:src/app/ai-engineering/page.tsx
FN:8,AIEngineeringPage
FN:30,(anonymous_3)
FN:33,(anonymous_4)
FN:63,(anonymous_5)
FN:72,(anonymous_6)
FNF:5
FNH:0
FNDA:0,AIEngineeringPage
FNDA:0,(anonymous_3)
FNDA:0,(anonymous_4)
FNDA:0,(anonymous_5)
FNDA:0,(anonymous_6)
DA:3,0
DA:4,0
DA:5,0
DA:6,0
DA:8,0
DA:9,0
DA:10,0
DA:31,0
DA:33,0
DA:64,0
DA:73,0
LF:11
LH:0
BRDA:34,0,0,0
BRDA:34,0,1,0
BRDA:54,1,0,0
BRDA:60,2,0,0
BRDA:60,2,1,0
BRDA:68,3,0,0
BRDA:68,3,1,0
BRDA:77,4,0,0
BRDA:77,4,1,0
BRF:9
BRH:0
end_of_record
TN:
SF:src/app/api/analytics/route.ts
FN:6,GET
FNF:1
FNH:0
FNDA:0,GET
DA:1,0
DA:3,0
DA:4,0
DA:6,0
DA:7,0
DA:10,0
DA:12,0
DA:13,0
DA:14,0
DA:17,0
DA:19,0
DA:30,0
DA:31,0
LF:13
LH:0
BRDA:12,0,0,0
BRDA:12,0,1,0
BRDA:22,1,0,0
BRDA:22,1,1,0
BRF:4
BRH:0
end_of_record
TN:
SF:src/app/aws/layout.tsx
FN:9,AWSLayout
FNF:1
FNH:0
FNDA:0,AWSLayout
DA:3,0
DA:4,0
DA:5,0
DA:6,0
DA:7,0
DA:9,0
LF:6
LH:0
BRF:0
BRH:0
end_of_record
TN:
SF:src/app/aws/page.tsx
FN:3,AWSPage
FNF:1
FNH:0
FNDA:0,AWSPage
DA:1,0
DA:3,0
DA:4,0
LF:3
LH:0
BRF:0
BRH:0
end_of_record
TN:
SF:src/app/aws/[moduleId]/page.tsx
FN:5,generateStaticParams
FN:6,(anonymous_5)
FN:11,AWSModulePage
FN:17,(anonymous_7)
FN:23,(anonymous_8)
FNF:5
FNH:0
FNDA:0,generateStaticParams
FNDA:0,(anonymous_5)
FNDA:0,AWSModulePage
FNDA:0,(anonymous_7)
FNDA:0,(anonymous_8)
DA:1,0
DA:2,0
DA:3,0
DA:5,0
DA:6,0
DA:11,0
DA:16,0
DA:17,0
DA:19,0
DA:20,0
DA:23,0
LF:11
LH:0
BRDA:19,0,0,0
BRDA:19,0,1,0
BRF:2
BRH:0
end_of_record
TN:
SF:src/app/dbms/layout.tsx
FN:10,DBMSLayout
FNF:1
FNH:0
FNDA:0,DBMSLayout
DA:3,0
DA:4,0
DA:5,0
DA:6,0
DA:7,0
DA:8,0
DA:10,0
LF:7
LH:0
BRF:0
BRH:0
end_of_record
TN:
SF:src/app/dbms/page.tsx
FN:3,DBMSPage
FNF:1
FNH:0
FNDA:0,DBMSPage
DA:1,0
DA:3,0
DA:4,0
LF:3
LH:0
BRF:0
BRH:0
end_of_record
TN:
SF:src/app/dbms/[moduleId]/page.tsx
FN:5,generateStaticParams
FN:6,(anonymous_5)
FN:11,DBMSModulePage
FN:17,(anonymous_7)
FN:23,(anonymous_8)
FNF:5
FNH:0
FNDA:0,generateStaticParams
FNDA:0,(anonymous_5)
FNDA:0,DBMSModulePage
FNDA:0,(anonymous_7)
FNDA:0,(anonymous_8)
DA:1,0
DA:2,0
DA:3,0
DA:5,0
DA:6,0
DA:11,0
DA:16,0
DA:17,0
DA:19,0
DA:20,0
DA:23,0
LF:11
LH:0
BRDA:19,0,0,0
BRDA:19,0,1,0
BRF:2
BRH:0
end_of_record
TN:
SF:src/app/digital-fundamentals/layout.tsx
FN:10,DigitalFundamentalsLayout
FNF:1
FNH:0
FNDA:0,DigitalFundamentalsLayout
DA:3,0
DA:4,0
DA:5,0
DA:6,0
DA:7,0
DA:8,0
DA:10,0
LF:7
LH:0
BRF:0
BRH:0
end_of_record
TN:
SF:src/app/digital-fundamentals/page.tsx
FN:3,DigitalFundamentalsPage
FNF:1
FNH:0
FNDA:0,DigitalFundamentalsPage
DA:1,0
DA:3,0
DA:4,0
LF:3
LH:0
BRF:0
BRH:0
end_of_record
TN:
SF:src/app/digital-fundamentals/[moduleId]/page.tsx
FN:5,generateStaticParams
FN:6,(anonymous_5)
FN:11,DigitalFundamentalsModulePage
FN:18,(anonymous_7)
FN:25,(anonymous_8)
FNF:5
FNH:0
FNDA:0,generateStaticParams
FNDA:0,(anonymous_5)
FNDA:0,DigitalFundamentalsModulePage
FNDA:0,(anonymous_7)
FNDA:0,(anonymous_8)
DA:1,0
DA:2,0
DA:3,0
DA:5,0
DA:6,0
DA:11,0
DA:16,0
DA:17,0
DA:18,0
DA:21,0
DA:22,0
DA:25,0
LF:12
LH:0
BRDA:21,0,0,0
BRDA:21,0,1,0
BRF:2
BRH:0
end_of_record
TN:
SF:src/app/dsa/layout.tsx
FN:10,DSALayout
FNF:1
FNH:0
FNDA:0,DSALayout
DA:3,0
DA:4,0
DA:5,0
DA:6,0
DA:7,0
DA:8,0
DA:10,0
LF:7
LH:0
BRF:0
BRH:0
end_of_record
TN:
SF:src/app/dsa/page.tsx
FN:3,DSAPage
FNF:1
FNH:0
FNDA:0,DSAPage
DA:1,0
DA:3,0
DA:4,0
LF:3
LH:0
BRF:0
BRH:0
end_of_record
TN:
SF:src/app/dsa/[moduleId]/page.tsx
FN:9,DSAModulePage
FN:12,(anonymous_3)
FN:19,(anonymous_4)
FNF:3
FNH:0
FNDA:0,DSAModulePage
FNDA:0,(anonymous_3)
FNDA:0,(anonymous_4)
DA:3,0
DA:4,0
DA:5,0
DA:7,0
DA:9,0
DA:10,0
DA:12,0
DA:14,0
DA:15,0
DA:19,0
LF:10
LH:0
BRDA:14,0,0,0
BRDA:14,0,1,0
BRF:2
BRH:0
end_of_record
TN:
SF:src/app/learning-journey/page.tsx
FN:109,LearningJourneyPage
FN:136,(anonymous_3)
FN:164,(anonymous_4)
FNF:3
FNH:0
FNDA:0,LearningJourneyPage
FNDA:0,(anonymous_3)
FNDA:0,(anonymous_4)
DA:3,0
DA:4,0
DA:16,0
DA:109,0
DA:137,0
DA:165,0
LF:6
LH:0
BRDA:139,0,0,0
BRDA:139,0,1,0
BRDA:146,1,0,0
BRDA:146,1,1,0
BRF:4
BRH:0
end_of_record
TN:
SF:src/app/mathematics/layout.tsx
FN:10,MathematicsLayout
FNF:1
FNH:0
FNDA:0,MathematicsLayout
DA:3,0
DA:4,0
DA:5,0
DA:6,0
DA:7,0
DA:8,0
DA:10,0
LF:7
LH:0
BRF:0
BRH:0
end_of_record
TN:
SF:src/app/mathematics/page.code-splitting.tsx
FN:16,(anonymous_5)
FN:16,(anonymous_6)
FN:17,(anonymous_7)
FN:17,(anonymous_8)
FN:18,(anonymous_9)
FN:18,(anonymous_10)
FN:19,(anonymous_11)
FN:19,(anonymous_12)
FN:20,(anonymous_13)
FN:20,(anonymous_14)
FN:21,(anonymous_15)
FN:21,(anonymous_16)
FN:74,MathematicsComprehensive
FN:82,(anonymous_19)
FN:85,(anonymous_20)
FN:93,(anonymous_21)
FN:94,(anonymous_22)
FN:101,(anonymous_23)
FN:107,(anonymous_24)
FN:114,(anonymous_25)
FN:120,(anonymous_26)
FN:131,(anonymous_27)
FN:172,(anonymous_28)
FN:173,(anonymous_29)
FN:240,(anonymous_30)
FN:247,(anonymous_31)
FN:252,(anonymous_32)
FN:285,(anonymous_33)
FN:290,(anonymous_34)
FN:293,(anonymous_35)
FN:294,(anonymous_36)
FN:310,(anonymous_37)
FN:311,(anonymous_38)
FN:397,(anonymous_39)
FNF:34
FNH:0
FNDA:0,(anonymous_5)
FNDA:0,(anonymous_6)
FNDA:0,(anonymous_7)
FNDA:0,(anonymous_8)
FNDA:0,(anonymous_9)
FNDA:0,(anonymous_10)
FNDA:0,(anonymous_11)
FNDA:0,(anonymous_12)
FNDA:0,(anonymous_13)
FNDA:0,(anonymous_14)
FNDA:0,(anonymous_15)
FNDA:0,(anonymous_16)
FNDA:0,MathematicsComprehensive
FNDA:0,(anonymous_19)
FNDA:0,(anonymous_20)
FNDA:0,(anonymous_21)
FNDA:0,(anonymous_22)
FNDA:0,(anonymous_23)
FNDA:0,(anonymous_24)
FNDA:0,(anonymous_25)
FNDA:0,(anonymous_26)
FNDA:0,(anonymous_27)
FNDA:0,(anonymous_28)
FNDA:0,(anonymous_29)
FNDA:0,(anonymous_30)
FNDA:0,(anonymous_31)
FNDA:0,(anonymous_32)
FNDA:0,(anonymous_33)
FNDA:0,(anonymous_34)
FNDA:0,(anonymous_35)
FNDA:0,(anonymous_36)
FNDA:0,(anonymous_37)
FNDA:0,(anonymous_38)
FNDA:0,(anonymous_39)
DA:3,0
DA:4,0
DA:5,0
DA:6,0
DA:7,0
DA:8,0
DA:9,0
DA:10,0
DA:11,0
DA:12,0
DA:13,0
DA:16,0
DA:17,0
DA:18,0
DA:19,0
DA:20,0
DA:21,0
DA:23,0
DA:74,0
DA:75,0
DA:76,0
DA:77,0
DA:78,0
DA:79,0
DA:80,0
DA:82,0
DA:85,0
DA:86,0
DA:87,0
DA:88,0
DA:93,0
DA:94,0
DA:95,0
DA:96,0
DA:100,0
DA:101,0
DA:102,0
DA:107,0
DA:108,0
DA:109,0
DA:111,0
DA:114,0
DA:115,0
DA:116,0
DA:120,0
DA:121,0
DA:123,0
DA:124,0
DA:126,0
DA:127,0
DA:131,0
DA:133,0
DA:135,0
DA:137,0
DA:138,0
DA:173,0
DA:174,0
DA:234,0
DA:237,0
DA:241,0
DA:242,0
DA:244,0
DA:249,0
DA:250,0
DA:252,0
DA:285,0
DA:290,0
DA:293,0
DA:295,0
DA:296,0
DA:297,0
DA:311,0
DA:312,0
DA:358,0
DA:361,0
DA:398,0
DA:399,0
LF:77
LH:0
BRDA:82,0,0,0
BRDA:82,0,1,0
BRDA:86,1,0,0
BRDA:86,1,1,0
BRDA:86,2,0,0
BRDA:86,2,1,0
BRDA:95,3,0,0
BRDA:95,3,1,0
BRDA:95,4,0,0
BRDA:95,4,1,0
BRDA:108,5,0,0
BRDA:108,5,1,0
BRDA:115,6,0,0
BRDA:115,6,1,0
BRDA:123,7,0,0
BRDA:123,7,1,0
BRDA:126,8,0,0
BRDA:126,8,1,0
BRDA:137,9,0,0
BRDA:137,9,1,0
BRDA:174,10,0,0
BRDA:241,11,0,0
BRDA:241,11,1,0
BRDA:249,12,0,0
BRDA:249,12,1,0
BRDA:253,13,0,0
BRDA:253,13,1,0
BRDA:284,14,0,0
BRDA:295,15,0,0
BRDA:295,15,1,0
BRDA:295,16,0,0
BRDA:295,16,1,0
BRDA:312,17,0,0
BRDA:369,18,0,0
BRDA:390,19,0,0
BRDA:390,19,1,0
BRDA:399,20,0,0
BRDA:399,20,1,0
BRF:38
BRH:0
end_of_record
TN:
SF:src/app/mathematics/page.tsx
FN:3,MathematicsPage
FNF:1
FNH:0
FNDA:0,MathematicsPage
DA:1,0
DA:3,0
DA:4,0
LF:3
LH:0
BRF:0
BRH:0
end_of_record
TN:
SF:src/app/mathematics/[moduleId]/page.tsx
FN:24,ModulePage
FN:27,(anonymous_3)
FN:34,(anonymous_4)
FNF:3
FNH:3
FNDA:3,ModulePage
FNDA:10,(anonymous_3)
FNDA:2,(anonymous_4)
DA:3,1
DA:4,1
DA:5,1
DA:6,1
DA:7,1
DA:8,1
DA:9,1
DA:10,1
DA:11,1
DA:13,1
DA:15,1
DA:24,3
DA:25,3
DA:27,10
DA:29,3
DA:30,1
DA:34,2
LF:17
LH:17
BRDA:29,0,0,1
BRDA:29,0,1,2
BRF:2
BRH:2
end_of_record
TN:
SF:src/app/mlops/layout.tsx
FN:9,MLOpsLayout
FNF:1
FNH:0
FNDA:0,MLOpsLayout
DA:3,0
DA:4,0
DA:5,0
DA:6,0
DA:7,0
DA:9,0
LF:6
LH:0
BRF:0
BRH:0
end_of_record
TN:
SF:src/app/mlops/page.tsx
FN:3,MLOpsPage
FNF:1
FNH:0
FNDA:0,MLOpsPage
DA:1,0
DA:3,0
DA:4,0
LF:3
LH:0
BRF:0
BRH:0
end_of_record
TN:
SF:src/app/mlops/[moduleId]/page.tsx
FN:5,generateStaticParams
FN:6,(anonymous_5)
FN:11,MLOpsModulePage
FN:17,(anonymous_7)
FN:23,(anonymous_8)
FNF:5
FNH:0
FNDA:0,generateStaticParams
FNDA:0,(anonymous_5)
FNDA:0,MLOpsModulePage
FNDA:0,(anonymous_7)
FNDA:0,(anonymous_8)
DA:1,0
DA:2,0
DA:3,0
DA:5,0
DA:6,0
DA:11,0
DA:16,0
DA:17,0
DA:19,0
DA:20,0
DA:23,0
LF:11
LH:0
BRDA:19,0,0,0
BRDA:19,0,1,0
BRF:2
BRH:0
end_of_record
TN:
SF:src/app/networks/layout.tsx
FN:10,NetworksLayout
FNF:1
FNH:0
FNDA:0,NetworksLayout
DA:3,0
DA:4,0
DA:5,0
DA:6,0
DA:7,0
DA:8,0
DA:10,0
LF:7
LH:0
BRF:0
BRH:0
end_of_record
TN:
SF:src/app/networks/page.tsx
FN:3,NetworksPage
FNF:1
FNH:0
FNDA:0,NetworksPage
DA:1,0
DA:3,0
DA:4,0
LF:3
LH:0
BRF:0
BRH:0
end_of_record
TN:
SF:src/app/networks/[moduleId]/page.tsx
FN:5,generateStaticParams
FN:6,(anonymous_5)
FN:11,NetworksModulePage
FN:17,(anonymous_7)
FN:23,(anonymous_8)
FNF:5
FNH:0
FNDA:0,generateStaticParams
FNDA:0,(anonymous_5)
FNDA:0,NetworksModulePage
FNDA:0,(anonymous_7)
FNDA:0,(anonymous_8)
DA:1,0
DA:2,0
DA:3,0
DA:5,0
DA:6,0
DA:11,0
DA:16,0
DA:17,0
DA:19,0
DA:20,0
DA:23,0
LF:11
LH:0
BRDA:19,0,0,0
BRDA:19,0,1,0
BRF:2
BRH:0
end_of_record
TN:
SF:src/app/os/layout.tsx
FN:10,OSLayout
FNF:1
FNH:0
FNDA:0,OSLayout
DA:3,0
DA:4,0
DA:5,0
DA:6,0
DA:7,0
DA:8,0
DA:10,0
LF:7
LH:0
BRF:0
BRH:0
end_of_record
TN:
SF:src/app/os/page.tsx
FN:3,OSPage
FNF:1
FNH:0
FNDA:0,OSPage
DA:1,0
DA:3,0
DA:4,0
LF:3
LH:0
BRF:0
BRH:0
end_of_record
TN:
SF:src/app/os/[moduleId]/page.tsx
FN:5,generateStaticParams
FN:6,(anonymous_5)
FN:11,OSModulePage
FN:17,(anonymous_7)
FN:23,(anonymous_8)
FNF:5
FNH:0
FNDA:0,generateStaticParams
FNDA:0,(anonymous_5)
FNDA:0,OSModulePage
FNDA:0,(anonymous_7)
FNDA:0,(anonymous_8)
DA:1,0
DA:2,0
DA:3,0
DA:5,0
DA:6,0
DA:11,0
DA:16,0
DA:17,0
DA:19,0
DA:20,0
DA:23,0
LF:11
LH:0
BRDA:19,0,0,0
BRDA:19,0,1,0
BRF:2
BRH:0
end_of_record
TN:
SF:src/app/reasoning/layout.tsx
FN:10,ReasoningLayout
FNF:1
FNH:0
FNDA:0,ReasoningLayout
DA:3,0
DA:4,0
DA:5,0
DA:6,0
DA:7,0
DA:8,0
DA:10,0
LF:7
LH:0
BRF:0
BRH:0
end_of_record
TN:
SF:src/app/reasoning/page.tsx
FN:3,ReasoningPage
FNF:1
FNH:0
FNDA:0,ReasoningPage
DA:1,0
DA:3,0
DA:4,0
LF:3
LH:0
BRF:0
BRH:0
end_of_record
TN:
SF:src/app/reasoning/[moduleId]/page.tsx
FN:5,generateStaticParams
FN:6,(anonymous_5)
FN:11,ReasoningModulePage
FN:17,(anonymous_7)
FN:23,(anonymous_8)
FNF:5
FNH:0
FNDA:0,generateStaticParams
FNDA:0,(anonymous_5)
FNDA:0,ReasoningModulePage
FNDA:0,(anonymous_7)
FNDA:0,(anonymous_8)
DA:1,0
DA:2,0
DA:3,0
DA:5,0
DA:6,0
DA:11,0
DA:16,0
DA:17,0
DA:19,0
DA:20,0
DA:23,0
LF:11
LH:0
BRDA:19,0,0,0
BRDA:19,0,1,0
BRF:2
BRH:0
end_of_record
TN:
SF:src/components/AWSModuleIcon.tsx
FN:8,AWSModuleIcon
FNF:1
FNH:0
FNDA:0,AWSModuleIcon
DA:1,0
DA:8,0
DA:12,0
DA:22,0
LF:4
LH:0
BRF:0
BRH:0
end_of_record
TN:
SF:src/components/BlogPageHeader.tsx
FN:14,BlogPageHeader
FNF:1
FNH:1
FNDA:4,BlogPageHeader
DA:1,1
DA:2,1
DA:14,4
LF:3
LH:3
BRDA:17,0,0,3
BRF:1
BRH:1
end_of_record
TN:
SF:src/components/CanonicalUrl.tsx
FN:6,CanonicalUrl
FN:10,(anonymous_2)
FN:25,(anonymous_3)
FNF:3
FNH:0
FNDA:0,CanonicalUrl
FNDA:0,(anonymous_2)
FNDA:0,(anonymous_3)
DA:3,0
DA:4,0
DA:6,0
DA:7,0
DA:8,0
DA:10,0
DA:12,0
DA:13,0
DA:14,0
DA:18,0
DA:19,0
DA:20,0
DA:21,0
DA:22,0
DA:25,0
DA:26,0
DA:27,0
DA:32,0
LF:18
LH:0
BRDA:13,0,0,0
BRDA:13,0,1,0
BRDA:26,1,0,0
BRDA:26,1,1,0
BRF:4
BRH:0
end_of_record
TN:
SF:src/components/CodeBlock.tsx
FN:12,(anonymous_2)
FN:30,(anonymous_3)
FN:47,(anonymous_4)
FN:48,(anonymous_5)
FN:50,(anonymous_6)
FNF:5
FNH:5
FNDA:7,(anonymous_2)
FNDA:7,(anonymous_3)
FNDA:2,(anonymous_4)
FNDA:2,(anonymous_5)
FNDA:1,(anonymous_6)
DA:3,1
DA:12,1
DA:17,7
DA:19,7
DA:20,7
DA:23,7
DA:25,7
DA:30,7
DA:31,7
DA:32,7
DA:33,0
DA:34,0
DA:35,0
DA:37,0
DA:38,0
DA:39,0
DA:42,0
DA:45,7
DA:47,7
DA:48,2
DA:49,2
DA:50,2
DA:112,4
LF:23
LH:16
BRDA:19,0,0,7
BRDA:19,0,1,0
BRDA:20,1,0,7
BRDA:20,1,1,0
BRDA:23,2,0,0
BRDA:23,2,1,7
BRDA:25,3,0,0
BRDA:25,3,1,7
BRDA:31,4,0,7
BRDA:31,4,1,0
BRDA:33,5,0,0
BRDA:33,5,1,0
BRDA:35,6,0,0
BRDA:35,6,1,0
BRDA:35,7,0,0
BRDA:35,7,1,0
BRDA:38,8,0,0
BRDA:38,8,1,0
BRDA:63,9,0,2
BRDA:63,9,1,5
BRDA:66,10,0,7
BRDA:66,10,1,0
BRDA:67,11,0,7
BRDA:67,11,1,0
BRF:24
BRH:9
end_of_record
TN:
SF:src/components/ConnectCard.tsx
FN:5,ConnectCard
FNF:1
FNH:0
FNDA:0,ConnectCard
DA:5,0
LF:1
LH:0
BRDA:6,0,0,0
BRF:1
BRH:0
end_of_record
TN:
SF:src/components/CursorEffect.tsx
FN:5,CursorEffect
FN:6,(anonymous_2)
FN:10,(anonymous_3)
FN:26,(anonymous_4)
FN:33,(anonymous_5)
FNF:5
FNH:0
FNDA:0,CursorEffect
FNDA:0,(anonymous_2)
FNDA:0,(anonymous_3)
FNDA:0,(anonymous_4)
FNDA:0,(anonymous_5)
DA:3,0
DA:5,0
DA:6,0
DA:7,0
DA:8,0
DA:10,0
DA:11,0
DA:13,0
DA:14,0
DA:17,0
DA:19,0
DA:20,0
DA:21,0
DA:22,0
DA:24,0
DA:26,0
DA:27,0
DA:31,0
DA:33,0
DA:34,0
DA:38,0
LF:21
LH:0
BRDA:13,0,0,0
BRDA:13,0,1,0
BRF:2
BRH:0
end_of_record
TN:
SF:src/components/DBMSModuleIcon.tsx
FN:8,DBMSModuleIcon
FNF:1
FNH:0
FNDA:0,DBMSModuleIcon
DA:1,0
DA:8,0
DA:12,0
DA:22,0
LF:4
LH:0
BRF:0
BRH:0
end_of_record
TN:
SF:src/components/DSAModuleIcon.tsx
FN:12,DSAModuleIcon
FNF:1
FNH:0
FNDA:0,DSAModuleIcon
DA:1,0
DA:12,0
DA:16,0
DA:26,0
LF:4
LH:0
BRF:0
BRH:0
end_of_record
TN:
SF:src/components/DigitalFundamentalsModuleIcon.tsx
FN:8,DigitalFundamentalsModuleIcon
FNF:1
FNH:0
FNDA:0,DigitalFundamentalsModuleIcon
DA:1,0
DA:8,0
DA:12,0
DA:22,0
LF:4
LH:0
BRF:0
BRH:0
end_of_record
TN:
SF:src/components/ErrorBoundary.tsx
FN:16,(anonymous_2)
FN:29,(anonymous_3)
FN:21,(anonymous_4)
FN:25,(anonymous_5)
FN:33,(anonymous_6)
FNF:5
FNH:5
FNDA:10,(anonymous_2)
FNDA:1,(anonymous_3)
FNDA:8,(anonymous_4)
FNDA:4,(anonymous_5)
FNDA:18,(anonymous_6)
DA:3,1
DA:17,10
DA:18,9
DA:22,8
DA:26,4
DA:30,1
DA:34,18
DA:35,8
DA:36,2
DA:65,10
DA:69,5
LF:11
LH:11
BRDA:34,0,0,8
BRDA:34,0,1,10
BRDA:35,1,0,2
BRDA:35,1,1,6
BRDA:44,2,0,6
BRF:5
BRH:5
end_of_record
TN:
SF:src/components/Footer.tsx
FN:6,Footer
FN:9,(anonymous_3)
FN:11,(anonymous_4)
FN:12,(anonymous_5)
FN:17,(anonymous_6)
FNF:5
FNH:0
FNDA:0,Footer
FNDA:0,(anonymous_3)
FNDA:0,(anonymous_4)
FNDA:0,(anonymous_5)
FNDA:0,(anonymous_6)
DA:3,0
DA:4,0
DA:6,0
DA:7,0
DA:9,0
DA:10,0
DA:11,0
DA:13,0
DA:14,0
DA:17,0
LF:10
LH:0
BRDA:13,0,0,0
BRDA:13,0,1,0
BRDA:33,1,0,0
BRF:3
BRH:0
end_of_record
TN:
SF:src/components/Header.tsx
FN:8,Header
FNF:1
FNH:1
FNDA:6,Header
DA:3,1
DA:4,1
DA:5,1
DA:6,1
DA:8,6
LF:5
LH:5
BRF:0
BRH:0
end_of_record
TN:
SF:src/components/Hero.tsx
FN:8,Hero
FN:11,(anonymous_3)
FN:12,updateDate
FNF:3
FNH:0
FNDA:0,Hero
FNDA:0,(anonymous_3)
FNDA:0,updateDate
DA:3,0
DA:4,0
DA:5,0
DA:6,0
DA:8,0
DA:9,0
DA:11,0
DA:13,0
DA:14,0
DA:15,0
DA:16,0
DA:17,0
DA:18,0
DA:21,0
LF:14
LH:0
BRF:0
BRH:0
end_of_record
TN:
SF:src/components/MLOpsModuleIcon.tsx
FN:8,MLOpsModuleIcon
FNF:1
FNH:0
FNDA:0,MLOpsModuleIcon
DA:1,0
DA:8,0
DA:12,0
DA:21,0
LF:4
LH:0
BRF:0
BRH:0
end_of_record
TN:
SF:src/components/MathContentSkeleton.tsx
FN:10,(anonymous_2)
FNF:1
FNH:1
FNDA:6,(anonymous_2)
DA:1,1
DA:2,1
DA:10,1
DA:76,6
LF:4
LH:4
BRDA:11,0,0,3
BRDA:12,1,0,3
BRDA:13,2,0,5
BRDA:18,3,0,6
BRDA:34,4,0,6
BRF:5
BRH:5
end_of_record
TN:
SF:src/components/MathErrorFallback.tsx
FN:10,(anonymous_2)
FNF:1
FNH:0
FNDA:0,(anonymous_2)
DA:3,0
DA:10,0
DA:58,0
LF:3
LH:0
BRDA:22,0,0,0
BRDA:38,1,0,0
BRF:2
BRH:0
end_of_record
TN:
SF:src/components/MathModuleIcon.tsx
FN:12,MathModuleIcon
FNF:1
FNH:1
FNDA:7,MathModuleIcon
DA:1,1
DA:12,7
DA:16,7
DA:26,7
DA:109,1
LF:5
LH:5
BRDA:26,0,0,1
BRF:1
BRH:1
end_of_record
TN:
SF:src/components/MobileExplore.tsx
FN:4,MobileExplore
FN:10,(anonymous_3)
FNF:2
FNH:0
FNDA:0,MobileExplore
FNDA:0,(anonymous_3)
DA:1,0
DA:2,0
DA:4,0
DA:11,0
LF:4
LH:0
BRF:0
BRH:0
end_of_record
TN:
SF:src/components/ModuleSidebar.tsx
FN:14,ModuleSidebar
FN:25,(anonymous_3)
FNF:2
FNH:2
FNDA:2,ModuleSidebar
FNDA:16,(anonymous_3)
DA:3,1
DA:4,1
DA:5,1
DA:14,2
DA:19,2
DA:26,16
DA:27,16
DA:29,16
LF:8
LH:8
BRDA:33,0,0,2
BRDA:33,0,1,14
BRF:2
BRH:2
end_of_record
TN:
SF:src/components/ModuleViewer.tsx
FN:40,ModuleViewer
FN:83,(anonymous_8)
FNF:2
FNH:1
FNDA:2,ModuleViewer
FNDA:0,(anonymous_8)
DA:3,1
DA:4,1
DA:5,1
DA:6,1
DA:7,1
DA:8,1
DA:9,1
DA:10,1
DA:11,1
DA:22,1
DA:40,2
DA:84,0
DA:85,0
LF:13
LH:11
BRDA:26,0,0,1
BRDA:26,0,1,0
BRDA:43,1,0,0
BRDA:53,2,0,2
BRDA:76,3,0,2
BRDA:76,3,1,2
BRDA:85,4,0,0
BRDA:85,4,1,0
BRDA:100,5,0,2
BRDA:100,5,1,2
BRF:10
BRH:6
end_of_record
TN:
SF:src/components/NavigationSidebar.tsx
FN:8,NavigationSidebar
FN:12,(anonymous_3)
FNF:2
FNH:0
FNDA:0,NavigationSidebar
FNDA:0,(anonymous_3)
DA:1,0
DA:8,0
DA:13,0
LF:3
LH:0
BRF:0
BRH:0
end_of_record
TN:
SF:src/components/NetworksModuleIcon.tsx
FN:8,NetworksModuleIcon
FNF:1
FNH:0
FNDA:0,NetworksModuleIcon
DA:1,0
DA:8,0
DA:12,0
DA:22,0
LF:4
LH:0
BRF:0
BRH:0
end_of_record
TN:
SF:src/components/OSModuleIcon.tsx
FN:8,OSModuleIcon
FNF:1
FNH:0
FNDA:0,OSModuleIcon
DA:1,0
DA:8,0
DA:12,0
DA:22,0
LF:4
LH:0
BRF:0
BRH:0
end_of_record
TN:
SF:src/components/PracticeQuiz.tsx
FN:14,PracticeQuiz
FN:31,(anonymous_3)
FN:33,(anonymous_4)
FN:34,(anonymous_5)
FN:37,(anonymous_6)
FN:43,(anonymous_7)
FN:46,(anonymous_8)
FN:47,(anonymous_9)
FN:51,(anonymous_10)
FN:57,(anonymous_11)
FN:62,(anonymous_12)
FN:76,(anonymous_13)
FN:89,(anonymous_14)
FN:103,(anonymous_15)
FN:345,(anonymous_16)
FN:364,(anonymous_17)
FNF:16
FNH:0
FNDA:0,PracticeQuiz
FNDA:0,(anonymous_3)
FNDA:0,(anonymous_4)
FNDA:0,(anonymous_5)
FNDA:0,(anonymous_6)
FNDA:0,(anonymous_7)
FNDA:0,(anonymous_8)
FNDA:0,(anonymous_9)
FNDA:0,(anonymous_10)
FNDA:0,(anonymous_11)
FNDA:0,(anonymous_12)
FNDA:0,(anonymous_13)
FNDA:0,(anonymous_14)
FNDA:0,(anonymous_15)
FNDA:0,(anonymous_16)
FNDA:0,(anonymous_17)
DA:3,0
DA:6,0
DA:7,0
DA:8,0
DA:14,0
DA:15,0
DA:16,0
DA:17,0
DA:18,0
DA:19,0
DA:20,0
DA:21,0
DA:22,0
DA:23,0
DA:24,0
DA:25,0
DA:26,0
DA:28,0
DA:31,0
DA:32,0
DA:33,0
DA:34,0
DA:37,0
DA:38,0
DA:43,0
DA:44,0
DA:45,0
DA:46,0
DA:47,0
DA:48,0
DA:51,0
DA:52,0
DA:53,0
DA:57,0
DA:58,0
DA:59,0
DA:62,0
DA:63,0
DA:65,0
DA:66,0
DA:67,0
DA:69,0
DA:70,0
DA:73,0
DA:76,0
DA:77,0
DA:78,0
DA:79,0
DA:80,0
DA:81,0
DA:82,0
DA:83,0
DA:85,0
DA:89,0
DA:90,0
DA:91,0
DA:92,0
DA:93,0
DA:94,0
DA:95,0
DA:96,0
DA:97,0
DA:98,0
DA:99,0
DA:100,0
DA:103,0
DA:104,0
DA:105,0
DA:109,0
DA:110,0
DA:112,0
DA:114,0
DA:115,0
DA:118,0
DA:191,0
DA:346,0
DA:348,0
DA:349,0
DA:350,0
DA:351,0
DA:352,0
DA:354,0
DA:356,0
DA:357,0
DA:360,0
DA:364,0
LF:86
LH:0
BRDA:32,0,0,0
BRDA:32,0,1,0
BRDA:32,1,0,0
BRDA:32,1,1,0
BRDA:38,2,0,0
BRDA:38,2,1,0
BRDA:52,3,0,0
BRDA:52,3,1,0
BRDA:52,4,0,0
BRDA:52,4,1,0
BRDA:58,5,0,0
BRDA:58,5,1,0
BRDA:63,6,0,0
BRDA:63,6,1,0
BRDA:69,7,0,0
BRDA:69,7,1,0
BRDA:77,8,0,0
BRDA:77,8,1,0
BRDA:112,9,0,0
BRDA:112,9,1,0
BRDA:112,10,0,0
BRDA:112,10,1,0
BRDA:114,11,0,0
BRDA:114,11,1,0
BRDA:114,12,0,0
BRDA:114,12,1,0
BRDA:118,13,0,0
BRDA:118,13,1,0
BRDA:125,14,0,0
BRDA:125,14,1,0
BRDA:191,15,0,0
BRDA:191,15,1,0
BRDA:207,16,0,0
BRDA:209,17,0,0
BRDA:209,17,1,0
BRDA:213,18,0,0
BRDA:213,18,1,0
BRDA:299,19,0,0
BRDA:299,19,1,0
BRDA:299,20,0,0
BRDA:299,20,1,0
BRDA:299,21,0,0
BRDA:299,21,1,0
BRDA:336,22,0,0
BRDA:348,23,0,0
BRDA:348,23,1,0
BRDA:349,24,0,0
BRDA:349,24,1,0
BRDA:351,25,0,0
BRDA:351,25,1,0
BRDA:356,26,0,0
BRDA:356,26,1,0
BRDA:363,27,0,0
BRDA:363,27,1,0
BRDA:371,28,0,0
BRDA:371,28,1,0
BRDA:374,29,0,0
BRDA:374,29,1,0
BRDA:374,29,2,0
BRDA:384,30,0,0
BRDA:386,31,0,0
BRDA:386,31,1,0
BRDA:386,32,0,0
BRDA:386,32,1,0
BRDA:389,33,0,0
BRDA:389,33,1,0
BRDA:393,34,0,0
BRDA:393,34,1,0
BRDA:405,35,0,0
BRDA:414,36,0,0
BRDA:414,36,1,0
BRF:71
BRH:0
end_of_record
TN:
SF:src/components/ProjectCard.tsx
FN:9,ProjectCard
FN:17,(anonymous_3)
FN:25,(anonymous_4)
FNF:3
FNH:3
FNDA:8,ProjectCard
FNDA:24,(anonymous_3)
FNDA:14,(anonymous_4)
DA:1,2
DA:9,8
DA:18,24
DA:26,14
LF:4
LH:4
BRDA:31,0,0,8
BRDA:31,0,1,6
BRDA:34,1,0,8
BRF:3
BRH:3
end_of_record
TN:
SF:src/components/Projects.tsx
FN:7,Projects
FN:10,(anonymous_3)
FN:12,(anonymous_4)
FN:13,(anonymous_5)
FN:23,(anonymous_6)
FN:29,(anonymous_7)
FN:30,(anonymous_8)
FN:39,(anonymous_9)
FN:43,(anonymous_10)
FNF:9
FNH:7
FNDA:2,Projects
FNDA:2,(anonymous_3)
FNDA:0,(anonymous_4)
FNDA:0,(anonymous_5)
FNDA:4,(anonymous_6)
FNDA:2,(anonymous_7)
FNDA:4,(anonymous_8)
FNDA:4,(anonymous_9)
FNDA:8,(anonymous_10)
DA:3,1
DA:4,1
DA:5,1
DA:7,2
DA:8,2
DA:10,2
DA:11,2
DA:13,0
DA:14,0
DA:15,0
DA:16,0
DA:23,2
DA:24,4
DA:27,2
DA:29,2
DA:30,2
DA:31,4
DA:40,4
DA:44,8
LF:19
LH:15
BRDA:14,0,0,0
BRDA:14,0,1,0
BRDA:24,1,0,4
BRDA:24,1,1,0
BRDA:31,2,0,0
BRDA:31,2,1,4
BRF:6
BRH:2
end_of_record
TN:
SF:src/components/ReasoningModuleIcon.tsx
FN:8,ReasoningModuleIcon
FNF:1
FNH:0
FNDA:0,ReasoningModuleIcon
DA:1,0
DA:8,0
DA:12,0
DA:22,0
LF:4
LH:0
BRF:0
BRH:0
end_of_record
TN:
SF:src/components/Sidebar.tsx
FN:4,Sidebar
FN:10,(anonymous_3)
FNF:2
FNH:2
FNDA:5,Sidebar
FNDA:20,(anonymous_3)
DA:1,1
DA:2,1
DA:4,5
DA:11,20
LF:4
LH:4
BRF:0
BRH:0
end_of_record
TN:
SF:src/components/SkeletonLoader.tsx
FN:11,(anonymous_2)
FN:18,(anonymous_3)
FNF:2
FNH:2
FNDA:56,(anonymous_2)
FNDA:103,(anonymous_3)
DA:1,2
DA:11,2
DA:18,56
DA:19,103
DA:34,56
LF:5
LH:5
BRDA:12,0,0,40
BRDA:13,1,0,5
BRDA:14,2,0,20
BRDA:15,3,0,55
BRDA:16,4,0,5
BRF:5
BRH:5
end_of_record
TN:
SF:src/components/SocialLinks.tsx
FN:15,SocialLinks
FN:16,(anonymous_2)
FN:29,(anonymous_3)
FNF:3
FNH:3
FNDA:6,SocialLinks
FNDA:18,(anonymous_2)
FNDA:18,(anonymous_3)
DA:1,1
DA:9,1
DA:15,6
DA:16,6
DA:17,18
DA:19,6
DA:21,6
DA:23,6
DA:30,18
LF:9
LH:9
BRDA:15,0,0,0
BRDA:17,1,0,6
BRDA:17,1,1,6
BRDA:17,1,2,6
BRDA:40,2,0,6
BRF:5
BRH:4
end_of_record
TN:
SF:src/components/StatusBadge.tsx
FN:7,StatusBadge
FNF:1
FNH:0
FNDA:0,StatusBadge
DA:7,0
LF:1
LH:0
BRDA:10,0,0,0
BRDA:14,1,0,0
BRDA:14,1,1,0
BRF:3
BRH:0
end_of_record
TN:
SF:src/components/StructuredData.tsx
FN:5,StructuredData
FNF:1
FNH:0
FNDA:0,StructuredData
DA:3,0
DA:5,0
DA:6,0
DA:35,0
DA:52,0
DA:71,0
LF:6
LH:0
BRF:0
BRH:0
end_of_record
TN:
SF:src/components/TechnicalSkills.tsx
FN:7,TechnicalSkills
FN:10,(anonymous_2)
FN:14,(anonymous_3)
FNF:3
FNH:0
FNDA:0,TechnicalSkills
FNDA:0,(anonymous_2)
FNDA:0,(anonymous_3)
DA:7,0
DA:11,0
DA:15,0
LF:3
LH:0
BRF:0
BRH:0
end_of_record
TN:
SF:src/components/ThemeProvider.tsx
FN:15,ThemeProvider
FN:19,(anonymous_4)
FN:30,(anonymous_5)
FN:42,(anonymous_6)
FN:43,(anonymous_7)
FN:53,useTheme
FN:59,(anonymous_9)
FNF:7
FNH:1
FNDA:0,ThemeProvider
FNDA:0,(anonymous_4)
FNDA:0,(anonymous_5)
FNDA:0,(anonymous_6)
FNDA:0,(anonymous_7)
FNDA:6,useTheme
FNDA:0,(anonymous_9)
DA:3,1
DA:13,1
DA:15,0
DA:16,0
DA:17,0
DA:19,0
DA:20,0
DA:22,0
DA:23,0
DA:24,0
DA:25,0
DA:26,0
DA:30,0
DA:31,0
DA:32,0
DA:33,0
DA:34,0
DA:36,0
DA:38,0
DA:42,0
DA:43,0
DA:53,6
DA:54,6
DA:56,6
DA:57,6
DA:63,0
LF:26
LH:6
BRDA:23,0,0,0
BRDA:23,0,1,0
BRDA:25,1,0,0
BRDA:25,1,1,0
BRDA:31,2,0,0
BRDA:31,2,1,0
BRDA:33,3,0,0
BRDA:33,3,1,0
BRDA:43,4,0,0
BRDA:43,4,1,0
BRDA:56,5,0,6
BRDA:56,5,1,0
BRF:12
BRH:1
end_of_record
TN:
SF:src/components/ThemeToggle.tsx
FN:5,ThemeToggle
FNF:1
FNH:1
FNDA:6,ThemeToggle
DA:3,1
DA:5,6
DA:6,6
DA:9,6
LF:4
LH:4
BRDA:9,0,0,6
BRDA:9,0,1,0
BRDA:25,1,0,0
BRDA:25,1,1,0
BRDA:26,2,0,0
BRDA:26,2,1,0
BRDA:30,3,0,0
BRF:7
BRH:1
end_of_record
TN:
SF:src/components/math-visualizations/ActivationFunctions.tsx
FN:9,ActivationFunctions
FN:15,(anonymous_3)
FN:16,(anonymous_4)
FN:17,(anonymous_5)
FN:18,(anonymous_6)
FN:55,(anonymous_7)
FN:58,(anonymous_8)
FN:77,(anonymous_9)
FN:82,(anonymous_10)
FN:98,(anonymous_11)
FN:116,(anonymous_12)
FNF:11
FNH:0
FNDA:0,ActivationFunctions
FNDA:0,(anonymous_3)
FNDA:0,(anonymous_4)
FNDA:0,(anonymous_5)
FNDA:0,(anonymous_6)
FNDA:0,(anonymous_7)
FNDA:0,(anonymous_8)
FNDA:0,(anonymous_9)
FNDA:0,(anonymous_10)
FNDA:0,(anonymous_11)
FNDA:0,(anonymous_12)
DA:3,0
DA:4,0
DA:5,0
DA:9,0
DA:10,0
DA:11,0
DA:12,0
DA:14,0
DA:15,0
DA:16,0
DA:17,0
DA:18,0
DA:21,0
DA:48,0
DA:49,0
DA:50,0
DA:56,0
DA:58,0
DA:77,0
DA:82,0
DA:98,0
DA:116,0
LF:22
LH:0
BRDA:18,0,0,0
BRDA:18,0,1,0
BRDA:59,1,0,0
BRDA:59,1,1,0
BRDA:72,2,0,0
BRDA:72,2,1,0
BRDA:82,3,0,0
BRDA:82,3,1,0
BRDA:107,4,0,0
BRF:9
BRH:0
end_of_record
TN:
SF:src/components/math-visualizations/GradientDescentPlayground.tsx
FN:7,GradientDescentPlayground
FN:15,(anonymous_3)
FN:18,(anonymous_4)
FN:20,(anonymous_5)
FN:29,(anonymous_6)
FN:43,(anonymous_7)
FN:48,(anonymous_8)
FN:55,(anonymous_9)
FN:56,(anonymous_10)
FN:72,(anonymous_11)
FN:109,(anonymous_12)
FN:111,(anonymous_13)
FNF:12
FNH:0
FNDA:0,GradientDescentPlayground
FNDA:0,(anonymous_3)
FNDA:0,(anonymous_4)
FNDA:0,(anonymous_5)
FNDA:0,(anonymous_6)
FNDA:0,(anonymous_7)
FNDA:0,(anonymous_8)
FNDA:0,(anonymous_9)
FNDA:0,(anonymous_10)
FNDA:0,(anonymous_11)
FNDA:0,(anonymous_12)
FNDA:0,(anonymous_13)
DA:3,0
DA:4,0
DA:5,0
DA:7,0
DA:8,0
DA:9,0
DA:10,0
DA:11,0
DA:12,0
DA:15,0
DA:18,0
DA:20,0
DA:21,0
DA:23,0
DA:24,0
DA:25,0
DA:26,0
DA:27,0
DA:29,0
DA:30,0
DA:31,0
DA:32,0
DA:35,0
DA:36,0
DA:37,0
DA:38,0
DA:41,0
DA:42,0
DA:43,0
DA:44,0
DA:48,0
DA:49,0
DA:50,0
DA:51,0
DA:52,0
DA:55,0
DA:56,0
DA:57,0
DA:72,0
DA:109,0
DA:112,0
LF:41
LH:0
BRDA:21,0,0,0
BRDA:21,0,1,0
BRDA:35,1,0,0
BRDA:35,1,1,0
BRDA:35,2,0,0
BRDA:35,2,1,0
BRDA:37,3,0,0
BRDA:37,3,1,0
BRDA:49,4,0,0
BRDA:49,4,1,0
BRDA:57,5,0,0
BRDA:57,5,1,0
BRDA:88,6,0,0
BRDA:88,6,1,0
BRF:14
BRH:0
end_of_record
TN:
SF:src/components/math-visualizations/MatrixMultiplication.tsx
FN:5,MatrixMultiplication
FN:25,(anonymous_3)
FN:31,(anonymous_4)
FN:51,(anonymous_5)
FN:53,(anonymous_6)
FN:71,(anonymous_7)
FN:73,(anonymous_8)
FN:91,(anonymous_9)
FN:93,(anonymous_10)
FN:96,(anonymous_11)
FNF:10
FNH:7
FNDA:3,MatrixMultiplication
FNDA:0,(anonymous_3)
FNDA:0,(anonymous_4)
FNDA:6,(anonymous_5)
FNDA:12,(anonymous_6)
FNDA:6,(anonymous_7)
FNDA:12,(anonymous_8)
FNDA:6,(anonymous_9)
FNDA:12,(anonymous_10)
FNDA:0,(anonymous_11)
DA:3,1
DA:5,3
DA:6,3
DA:7,3
DA:8,3
DA:9,3
DA:11,3
DA:18,3
DA:25,3
DA:26,0
DA:27,0
DA:28,0
DA:30,0
DA:31,0
DA:32,0
DA:33,0
DA:34,0
DA:35,0
DA:36,0
DA:38,0
DA:43,3
DA:52,6
DA:54,12
DA:72,6
DA:74,12
DA:92,6
DA:94,12
DA:96,0
LF:28
LH:16
BRDA:26,0,0,0
BRDA:26,0,1,0
BRDA:33,1,0,0
BRDA:33,1,1,0
BRDA:43,2,0,0
BRDA:43,2,1,3
BRDA:56,3,0,0
BRDA:56,3,1,12
BRDA:56,4,0,12
BRDA:56,4,1,0
BRDA:76,5,0,0
BRDA:76,5,1,12
BRDA:76,6,0,12
BRDA:76,6,1,0
BRDA:96,7,0,0
BRDA:96,7,1,12
BRDA:96,8,0,12
BRDA:96,8,1,0
BRDA:96,8,2,0
BRDA:96,9,0,12
BRDA:96,9,1,0
BRDA:96,10,0,12
BRDA:96,10,1,0
BRDA:96,10,2,0
BRDA:96,10,3,0
BRDA:96,11,0,0
BRDA:96,11,1,0
BRDA:109,12,0,0
BRDA:125,13,0,0
BRDA:125,13,1,3
BRF:30
BRH:10
end_of_record
TN:
SF:src/components/math-visualizations/PCAVisualization.tsx
FN:6,generateData
FN:24,performPCA
FN:26,(anonymous_4)
FN:31,(anonymous_5)
FN:41,(anonymous_6)
FN:50,PCAVisualization
FN:51,(anonymous_8)
FN:59,(anonymous_9)
FN:60,(anonymous_10)
FN:61,(anonymous_11)
FN:65,(anonymous_12)
FN:88,(anonymous_13)
FN:99,(anonymous_14)
FN:113,(anonymous_15)
FN:139,(anonymous_16)
FN:178,(anonymous_17)
FNF:16
FNH:0
FNDA:0,generateData
FNDA:0,performPCA
FNDA:0,(anonymous_4)
FNDA:0,(anonymous_5)
FNDA:0,(anonymous_6)
FNDA:0,PCAVisualization
FNDA:0,(anonymous_8)
FNDA:0,(anonymous_9)
FNDA:0,(anonymous_10)
FNDA:0,(anonymous_11)
FNDA:0,(anonymous_12)
FNDA:0,(anonymous_13)
FNDA:0,(anonymous_14)
FNDA:0,(anonymous_15)
FNDA:0,(anonymous_16)
FNDA:0,(anonymous_17)
DA:3,0
DA:7,0
DA:8,0
DA:9,0
DA:10,0
DA:11,0
DA:14,0
DA:15,0
DA:16,0
DA:18,0
DA:20,0
DA:26,0
DA:27,0
DA:28,0
DA:29,0
DA:31,0
DA:35,0
DA:38,0
DA:41,0
DA:42,0
DA:43,0
DA:44,0
DA:47,0
DA:50,0
DA:51,0
DA:52,0
DA:53,0
DA:54,0
DA:56,0
DA:59,0
DA:60,0
DA:61,0
DA:62,0
DA:65,0
DA:66,0
DA:67,0
DA:68,0
DA:69,0
DA:88,0
DA:99,0
DA:113,0
DA:140,0
DA:141,0
DA:179,0
DA:180,0
DA:181,0
LF:46
LH:0
BRDA:6,0,0,0
BRDA:121,1,0,0
BRDA:160,2,0,0
BRF:3
BRH:0
end_of_record
TN:
SF:src/components/math-visualizations/ScalarMultiplication.tsx
FN:6,ScalarMultiplication
FN:10,(anonymous_2)
FN:79,(anonymous_3)
FNF:3
FNH:0
FNDA:0,ScalarMultiplication
FNDA:0,(anonymous_2)
FNDA:0,(anonymous_3)
DA:3,0
DA:4,0
DA:6,0
DA:7,0
DA:9,0
DA:10,0
DA:16,0
DA:79,0
LF:8
LH:0
BRDA:109,0,0,0
BRDA:109,0,1,0
BRDA:110,1,0,0
BRDA:110,1,1,0
BRDA:111,2,0,0
BRDA:111,2,1,0
BRDA:112,3,0,0
BRDA:112,3,1,0
BRF:8
BRH:0
end_of_record
TN:
SF:src/components/math-visualizations/VectorSpace2D.tsx
FN:6,VectorSpace2D
FNF:1
FNH:1
FNDA:3,VectorSpace2D
DA:3,1
DA:4,1
DA:6,3
DA:7,3
DA:10,3
DA:14,3
DA:15,3
DA:16,3
DA:17,3
DA:19,3
DA:21,3
DA:22,3
DA:24,3
DA:28,3
LF:14
LH:14
BRDA:24,0,0,0
BRDA:24,0,1,3
BRDA:24,1,0,3
BRDA:24,1,1,3
BRF:4
BRH:3
end_of_record
TN:
SF:src/data/learningJourney.ts
FN:790,(anonymous_5)
FN:791,(anonymous_6)
FN:792,(anonymous_7)
FN:801,(anonymous_8)
FN:802,(anonymous_9)
FN:805,(anonymous_10)
FN:807,(anonymous_11)
FN:808,(anonymous_12)
FNF:8
FNH:0
FNDA:0,(anonymous_5)
FNDA:0,(anonymous_6)
FNDA:0,(anonymous_7)
FNDA:0,(anonymous_8)
FNDA:0,(anonymous_9)
FNDA:0,(anonymous_10)
FNDA:0,(anonymous_11)
FNDA:0,(anonymous_12)
DA:3,0
DA:790,0
DA:791,0
DA:792,0
DA:793,0
DA:796,0
DA:798,0
DA:801,0
DA:802,0
DA:805,0
DA:806,0
DA:807,0
DA:808,0
LF:13
LH:0
BRDA:802,0,0,0
BRDA:802,0,1,0
BRDA:808,1,0,0
BRDA:808,1,1,0
BRF:4
BRH:0
end_of_record
TN:
SF:src/data/mathematics.ts
FNF:0
FNH:0
DA:2,1
DA:3,1
DA:4,1
DA:5,1
DA:6,1
DA:7,1
DA:8,1
DA:9,1
DA:11,14
LF:9
LH:9
BRF:0
BRH:0
end_of_record
TN:
SF:src/data/navigationLinks.ts
FNF:0
FNH:0
DA:3,0
LF:1
LH:0
BRF:0
BRH:0
end_of_record
TN:
SF:src/data/projects.ts
FNF:0
FNH:0
DA:15,2
LF:1
LH:1
BRF:0
BRH:0
end_of_record
TN:
SF:src/data/skills.ts
FNF:0
FNH:0
DA:3,0
LF:1
LH:0
BRF:0
BRH:0
end_of_record
TN:
SF:src/data/socialLinks.ts
FNF:0
FNH:0
DA:3,6
LF:1
LH:1
BRF:0
BRH:0
end_of_record
TN:
SF:src/data/aws/aws-account-setup.ts
FNF:0
FNH:0
DA:3,0
LF:1
LH:0
BRF:0
BRH:0
end_of_record
TN:
SF:src/data/aws/cloud-foundations.ts
FNF:0
FNH:0
DA:3,0
LF:1
LH:0
BRF:0
BRH:0
end_of_record
TN:
SF:src/data/aws/ec2-deep-dive.ts
FNF:0
FNH:0
DA:3,0
LF:1
LH:0
BRF:0
BRH:0
end_of_record
TN:
SF:src/data/aws/iam-deep-dive.ts
FNF:0
FNH:0
DA:3,0
LF:1
LH:0
BRF:0
BRH:0
end_of_record
TN:
SF:src/data/aws/index.ts
FNF:0
FNH:0
DA:2,0
DA:3,0
DA:4,0
DA:5,0
DA:7,0
LF:5
LH:0
BRF:0
BRH:0
end_of_record
TN:
SF:src/data/dbms/database-fundamentals.ts
FNF:0
FNH:0
DA:3,0
LF:1
LH:0
BRF:0
BRH:0
end_of_record
TN:
SF:src/data/dbms/index.ts
FNF:0
FNH:0
DA:1,0
DA:2,0
DA:3,0
DA:4,0
DA:5,0
DA:7,0
LF:6
LH:0
BRF:0
BRH:0
end_of_record
TN:
SF:src/data/dbms/indexing-storage.ts
FNF:0
FNH:0
DA:3,0
LF:1
LH:0
BRF:0
BRH:0
end_of_record
TN:
SF:src/data/dbms/normalization.ts
FNF:0
FNH:0
DA:3,0
LF:1
LH:0
BRF:0
BRH:0
end_of_record
TN:
SF:src/data/dbms/sql-queries.ts
FNF:0
FNH:0
DA:3,0
LF:1
LH:0
BRF:0
BRH:0
end_of_record
TN:
SF:src/data/dbms/transactions-concurrency.ts
FNF:0
FNH:0
DA:3,0
LF:1
LH:0
BRF:0
BRH:0
end_of_record
TN:
SF:src/data/digital-fundamentals/01-number-systems.ts
FNF:0
FNH:0
DA:3,0
LF:1
LH:0
BRF:0
BRH:0
end_of_record
TN:
SF:src/data/digital-fundamentals/02-logic-gates-boolean.ts
FNF:0
FNH:0
DA:3,0
LF:1
LH:0
BRF:0
BRH:0
end_of_record
TN:
SF:src/data/digital-fundamentals/index.ts
FNF:0
FNH:0
DA:2,0
DA:3,0
DA:5,0
LF:3
LH:0
BRF:0
BRH:0
end_of_record
TN:
SF:src/data/dsa/00-algorithmic-complexity.ts
FNF:0
FNH:0
DA:3,0
LF:1
LH:0
BRF:0
BRH:0
end_of_record
TN:
SF:src/data/dsa/00b-ds-introduction.ts
FNF:0
FNH:0
DA:3,0
LF:1
LH:0
BRF:0
BRH:0
end_of_record
TN:
SF:src/data/dsa/01-arrays-strings.ts
FNF:0
FNH:0
DA:3,0
LF:1
LH:0
BRF:0
BRH:0
end_of_record
TN:
SF:src/data/dsa/02-linked-lists.ts
FNF:0
FNH:0
DA:3,0
LF:1
LH:0
BRF:0
BRH:0
end_of_record
TN:
SF:src/data/dsa/03-stacks-queues.ts
FNF:0
FNH:0
DA:3,0
LF:1
LH:0
BRF:0
BRH:0
end_of_record
TN:
SF:src/data/dsa/04-hashing.ts
FNF:0
FNH:0
DA:3,0
LF:1
LH:0
BRF:0
BRH:0
end_of_record
TN:
SF:src/data/dsa/05-trees.ts
FNF:0
FNH:0
DA:3,0
LF:1
LH:0
BRF:0
BRH:0
end_of_record
TN:
SF:src/data/dsa/06-heaps.ts
FNF:0
FNH:0
DA:3,0
LF:1
LH:0
BRF:0
BRH:0
end_of_record
TN:
SF:src/data/dsa/07-graphs.ts
FNF:0
FNH:0
DA:3,0
LF:1
LH:0
BRF:0
BRH:0
end_of_record
TN:
SF:src/data/dsa/08-searching-sorting.ts
FNF:0
FNH:0
DA:3,0
LF:1
LH:0
BRF:0
BRH:0
end_of_record
TN:
SF:src/data/dsa/09-advanced-algorithms.ts
FNF:0
FNH:0
DA:3,0
LF:1
LH:0
BRF:0
BRH:0
end_of_record
TN:
SF:src/data/dsa/10-trie-advanced-ds.ts
FNF:0
FNH:0
DA:3,0
LF:1
LH:0
BRF:0
BRH:0
end_of_record
TN:
SF:src/data/dsa/11-pyq-revision.ts
FNF:0
FNH:0
DA:3,0
LF:1
LH:0
BRF:0
BRH:0
end_of_record
TN:
SF:src/data/dsa/index.ts
FNF:0
FNH:0
DA:1,0
DA:2,0
DA:3,0
DA:4,0
DA:5,0
DA:6,0
DA:7,0
DA:8,0
DA:9,0
DA:10,0
DA:11,0
DA:12,0
DA:13,0
DA:15,0
LF:14
LH:0
BRF:0
BRH:0
end_of_record
TN:
SF:src/data/mathematics/algebra.ts
FNF:0
FNH:0
DA:3,1
LF:1
LH:1
BRF:0
BRH:0
end_of_record
TN:
SF:src/data/mathematics/basic-math.ts
FNF:0
FNH:0
DA:3,1
LF:1
LH:1
BRF:0
BRH:0
end_of_record
TN:
SF:src/data/mathematics/calculus.ts
FNF:0
FNH:0
DA:3,1
LF:1
LH:1
BRF:0
BRH:0
end_of_record
TN:
SF:src/data/mathematics/coordinate-geometry.ts
FNF:0
FNH:0
DA:3,1
LF:1
LH:1
BRF:0
BRH:0
end_of_record
TN:
SF:src/data/mathematics/linear-algebra.ts
FNF:0
FNH:0
DA:3,1
LF:1
LH:1
BRF:0
BRH:0
end_of_record
TN:
SF:src/data/mathematics/linear-models.ts
FNF:0
FNH:0
DA:3,1
LF:1
LH:1
BRF:0
BRH:0
end_of_record
TN:
SF:src/data/mathematics/probability-stats.ts
FNF:0
FNH:0
DA:3,1
LF:1
LH:1
BRF:0
BRH:0
end_of_record
TN:
SF:src/data/mathematics/set-theory.ts
FNF:0
FNH:0
DA:3,1
LF:1
LH:1
BRF:0
BRH:0
end_of_record
TN:
SF:src/data/mlops/data-exploration.ts
FNF:0
FNH:0
DA:3,0
LF:1
LH:0
BRF:0
BRH:0
end_of_record
TN:
SF:src/data/mlops/data-validation.ts
FNF:0
FNH:0
DA:3,0
LF:1
LH:0
BRF:0
BRH:0
end_of_record
TN:
SF:src/data/mlops/index.ts
FNF:0
FNH:0
DA:2,0
DA:3,0
DA:4,0
DA:5,0
DA:7,0
LF:5
LH:0
BRF:0
BRH:0
end_of_record
TN:
SF:src/data/mlops/model-deployment.ts
FNF:0
FNH:0
DA:3,0
LF:1
LH:0
BRF:0
BRH:0
end_of_record
TN:
SF:src/data/mlops/reproducible-training.ts
FNF:0
FNH:0
DA:3,0
LF:1
LH:0
BRF:0
BRH:0
end_of_record
TN:
SF:src/data/mlops/test-import.ts
FN:4,(anonymous_0)
FNF:1
FNH:0
FNDA:0,(anonymous_0)
DA:1,0
DA:3,0
DA:4,0
DA:5,0
LF:4
LH:0
BRF:0
BRH:0
end_of_record
TN:
SF:src/data/networks/01-network-basics.ts
FNF:0
FNH:0
DA:3,0
LF:1
LH:0
BRF:0
BRH:0
end_of_record
TN:
SF:src/data/networks/02-data-link-layer.ts
FNF:0
FNH:0
DA:3,0
LF:1
LH:0
BRF:0
BRH:0
end_of_record
TN:
SF:src/data/networks/03-network-layer.ts
FNF:0
FNH:0
DA:3,0
LF:1
LH:0
BRF:0
BRH:0
end_of_record
TN:
SF:src/data/networks/04-transport-layer.ts
FNF:0
FNH:0
DA:3,0
LF:1
LH:0
BRF:0
BRH:0
end_of_record
TN:
SF:src/data/networks/05-application-layer.ts
FNF:0
FNH:0
DA:3,0
LF:1
LH:0
BRF:0
BRH:0
end_of_record
TN:
SF:src/data/networks/index.ts
FNF:0
FNH:0
DA:1,0
DA:2,0
DA:3,0
DA:4,0
DA:5,0
DA:7,0
LF:6
LH:0
BRF:0
BRH:0
end_of_record
TN:
SF:src/data/os/01-process-management.ts
FNF:0
FNH:0
DA:3,0
LF:1
LH:0
BRF:0
BRH:0
end_of_record
TN:
SF:src/data/os/02-synchronization-deadlocks.ts
FNF:0
FNH:0
DA:3,0
LF:1
LH:0
BRF:0
BRH:0
end_of_record
TN:
SF:src/data/os/03-memory-management.ts
FNF:0
FNH:0
DA:3,0
LF:1
LH:0
BRF:0
BRH:0
end_of_record
TN:
SF:src/data/os/04-disk-file-systems.ts
FNF:0
FNH:0
DA:3,0
LF:1
LH:0
BRF:0
BRH:0
end_of_record
TN:
SF:src/data/os/index.ts
FNF:0
FNH:0
DA:1,0
DA:2,0
DA:3,0
DA:4,0
DA:6,0
LF:5
LH:0
BRF:0
BRH:0
end_of_record
TN:
SF:src/data/reasoning/01-number-series.ts
FNF:0
FNH:0
DA:3,0
LF:1
LH:0
BRF:0
BRH:0
end_of_record
TN:
SF:src/data/reasoning/02-coding-decoding.ts
FNF:0
FNH:0
DA:3,0
LF:1
LH:0
BRF:0
BRH:0
end_of_record
TN:
SF:src/data/reasoning/03-analogies-classification.ts
FNF:0
FNH:0
DA:3,0
LF:1
LH:0
BRF:0
BRH:0
end_of_record
TN:
SF:src/data/reasoning/04-syllogisms.ts
FNF:0
FNH:0
DA:3,0
LF:1
LH:0
BRF:0
BRH:0
end_of_record
TN:
SF:src/data/reasoning/05-blood-relations-directions.ts
FNF:0
FNH:0
DA:3,0
LF:1
LH:0
BRF:0
BRH:0
end_of_record
TN:
SF:src/data/reasoning/06-number-systems.ts
FNF:0
FNH:0
DA:3,0
LF:1
LH:0
BRF:0
BRH:0
end_of_record
TN:
SF:src/data/reasoning/07-logic-gates-boolean.ts
FNF:0
FNH:0
DA:3,0
LF:1
LH:0
BRF:0
BRH:0
end_of_record
TN:
SF:src/data/reasoning/index.ts
FNF:0
FNH:0
DA:1,0
DA:2,0
DA:3,0
DA:4,0
DA:5,0
DA:7,0
LF:6
LH:0
BRF:0
BRH:0
end_of_record
TN:
SF:src/lib/git-info.ts
FN:9,getGitInfo
FNF:1
FNH:0
FNDA:0,getGitInfo
DA:1,0
DA:9,0
DA:10,0
DA:11,0
DA:12,0
DA:13,0
DA:15,0
DA:22,0
LF:8
LH:0
BRF:0
BRH:0
end_of_record
TN:
SF:src/types/mathematics.ts
FNF:0
FNH:0
DA:14,0
LF:1
LH:0
BRF:0
BRH:0
end_of_record
TN:
SF:src/utils/imageOptimizer.ts
FN:12,optimizeImageProps
FN:43,getOptimizedImageSrc
FNF:2
FNH:0
FNDA:0,optimizeImageProps
FNDA:0,getOptimizedImageSrc
DA:12,0
DA:20,0
DA:23,0
DA:35,0
DA:43,0
DA:46,0
LF:6
LH:0
BRDA:20,0,0,0
BRDA:20,0,1,0
BRDA:29,1,0,0
BRDA:29,1,1,0
BRF:4
BRH:0
end_of_record
TN:
SF:src/utils/metadata.ts
FN:10,generateMetadataWithCanonical
FNF:1
FNH:0
FNDA:0,generateMetadataWithCanonical
DA:10,0
DA:11,0
DA:12,0
DA:14,0
LF:4
LH:0
BRF:0
BRH:0
end_of_record
